2019-01-08 16:55:46 [restartedMain] [StartupInfoLogger.java/48] INFO  - Starting ApplicationStart on whli-PC with PID 6824 (E:\workspace\whli\JEEWHL\jee-boot\jee-web\target\classes started by whli in E:\workspace\whli\JEEWHL\jee-boot)
2019-01-08 16:55:46 [restartedMain] [SpringApplication.java/597] INFO  - The following profiles are active: dev
2019-01-08 16:55:58 [restartedMain] [StartupInfoLogger.java/57] INFO  - Started ApplicationStart in 12.514 seconds (JVM running for 13.964)
2019-01-08 16:56:58 [Quartz Scheduler [schedulerFactory]] [DruidDataSource.java/930] INFO  - {dataSource-1} inited
2019-01-08 16:58:53 [http-nio-8088-exec-2] [DruidDataSource.java/930] INFO  - {dataSource-2} inited
2019-01-08 16:58:53 [http-nio-8088-exec-2] [DruidDataSource.java/930] INFO  - {dataSource-3} inited
2019-01-08 16:58:53 [http-nio-8088-exec-2] [PageInterceptor.java/45] INFO  - 进入 PageInterceptor 拦截器...
2019-01-08 16:58:53 [http-nio-8088-exec-2] [PageInterceptor.java/78] INFO  - 结束 PageInterceptor 拦截器...
2019-01-08 16:58:54 [http-nio-8088-exec-5] [PageInterceptor.java/45] INFO  - 进入 PageInterceptor 拦截器...
2019-01-08 16:58:54 [http-nio-8088-exec-5] [PageInterceptor.java/78] INFO  - 结束 PageInterceptor 拦截器...
2019-01-08 16:58:54 [http-nio-8088-exec-5] [PageInterceptor.java/45] INFO  - 进入 PageInterceptor 拦截器...
2019-01-08 16:58:54 [http-nio-8088-exec-5] [PageInterceptor.java/78] INFO  - 结束 PageInterceptor 拦截器...
2019-01-08 16:58:54 [http-nio-8088-exec-5] [PageInterceptor.java/45] INFO  - 进入 PageInterceptor 拦截器...
2019-01-08 16:58:54 [http-nio-8088-exec-5] [PageInterceptor.java/78] INFO  - 结束 PageInterceptor 拦截器...
2019-01-08 16:58:54 [http-nio-8088-exec-5] [PageInterceptor.java/45] INFO  - 进入 PageInterceptor 拦截器...
2019-01-08 16:58:54 [http-nio-8088-exec-5] [PageInterceptor.java/78] INFO  - 结束 PageInterceptor 拦截器...
2019-01-08 16:58:54 [http-nio-8088-exec-5] [PageInterceptor.java/45] INFO  - 进入 PageInterceptor 拦截器...
2019-01-08 16:58:54 [http-nio-8088-exec-5] [PageInterceptor.java/78] INFO  - 结束 PageInterceptor 拦截器...
2019-01-08 16:58:54 [http-nio-8088-exec-5] [PageInterceptor.java/45] INFO  - 进入 PageInterceptor 拦截器...
2019-01-08 16:58:54 [http-nio-8088-exec-5] [PageInterceptor.java/78] INFO  - 结束 PageInterceptor 拦截器...
2019-01-08 16:58:54 [http-nio-8088-exec-5] [PageInterceptor.java/45] INFO  - 进入 PageInterceptor 拦截器...
2019-01-08 16:58:54 [http-nio-8088-exec-5] [PageInterceptor.java/78] INFO  - 结束 PageInterceptor 拦截器...
2019-01-08 16:58:54 [http-nio-8088-exec-5] [PageInterceptor.java/45] INFO  - 进入 PageInterceptor 拦截器...
2019-01-08 16:58:54 [http-nio-8088-exec-5] [PageInterceptor.java/78] INFO  - 结束 PageInterceptor 拦截器...
2019-01-08 16:58:54 [http-nio-8088-exec-5] [PageInterceptor.java/45] INFO  - 进入 PageInterceptor 拦截器...
2019-01-08 16:58:54 [http-nio-8088-exec-5] [PageInterceptor.java/78] INFO  - 结束 PageInterceptor 拦截器...
2019-01-08 16:58:54 [http-nio-8088-exec-5] [PageInterceptor.java/45] INFO  - 进入 PageInterceptor 拦截器...
2019-01-08 16:58:54 [http-nio-8088-exec-5] [PageInterceptor.java/78] INFO  - 结束 PageInterceptor 拦截器...
2019-01-08 16:58:54 [http-nio-8088-exec-5] [PageInterceptor.java/45] INFO  - 进入 PageInterceptor 拦截器...
2019-01-08 16:58:54 [http-nio-8088-exec-5] [PageInterceptor.java/78] INFO  - 结束 PageInterceptor 拦截器...
2019-01-08 16:58:54 [http-nio-8088-exec-5] [PageInterceptor.java/45] INFO  - 进入 PageInterceptor 拦截器...
2019-01-08 16:58:54 [http-nio-8088-exec-5] [PageInterceptor.java/78] INFO  - 结束 PageInterceptor 拦截器...
2019-01-08 16:58:54 [http-nio-8088-exec-5] [PageInterceptor.java/45] INFO  - 进入 PageInterceptor 拦截器...
2019-01-08 16:58:54 [http-nio-8088-exec-5] [PageInterceptor.java/78] INFO  - 结束 PageInterceptor 拦截器...
2019-01-08 16:58:54 [http-nio-8088-exec-5] [PageInterceptor.java/45] INFO  - 进入 PageInterceptor 拦截器...
2019-01-08 16:58:54 [http-nio-8088-exec-5] [PageInterceptor.java/78] INFO  - 结束 PageInterceptor 拦截器...
2019-01-08 16:58:59 [http-nio-8088-exec-9] [PageInterceptor.java/45] INFO  - 进入 PageInterceptor 拦截器...
2019-01-08 16:58:59 [http-nio-8088-exec-9] [PageInterceptor.java/78] INFO  - 结束 PageInterceptor 拦截器...
2019-01-08 16:58:59 [http-nio-8088-exec-12] [PageInterceptor.java/45] INFO  - 进入 PageInterceptor 拦截器...
2019-01-08 16:58:59 [http-nio-8088-exec-12] [PageInterceptor.java/78] INFO  - 结束 PageInterceptor 拦截器...
2019-01-08 16:58:59 [http-nio-8088-exec-16] [PageInterceptor.java/45] INFO  - 进入 PageInterceptor 拦截器...
2019-01-08 16:58:59 [http-nio-8088-exec-16] [PageInterceptor.java/78] INFO  - 结束 PageInterceptor 拦截器...
2019-01-08 16:58:59 [http-nio-8088-exec-15] [PageInterceptor.java/45] INFO  - 进入 PageInterceptor 拦截器...
2019-01-08 16:58:59 [http-nio-8088-exec-15] [PageInterceptor.java/68] INFO  - 执行分页查询...
2019-01-08 16:58:59 [http-nio-8088-exec-16] [PageInterceptor.java/45] INFO  - 进入 PageInterceptor 拦截器...
2019-01-08 16:58:59 [http-nio-8088-exec-16] [PageInterceptor.java/78] INFO  - 结束 PageInterceptor 拦截器...
2019-01-08 16:58:59 [http-nio-8088-exec-15] [PageInterceptor.java/78] INFO  - 结束 PageInterceptor 拦截器...
2019-01-08 16:58:59 [http-nio-8088-exec-16] [PageInterceptor.java/45] INFO  - 进入 PageInterceptor 拦截器...
2019-01-08 16:58:59 [http-nio-8088-exec-16] [PageInterceptor.java/78] INFO  - 结束 PageInterceptor 拦截器...
2019-01-08 16:58:59 [http-nio-8088-exec-16] [PageInterceptor.java/45] INFO  - 进入 PageInterceptor 拦截器...
2019-01-08 16:58:59 [http-nio-8088-exec-16] [PageInterceptor.java/78] INFO  - 结束 PageInterceptor 拦截器...
2019-01-08 16:58:59 [http-nio-8088-exec-16] [PageInterceptor.java/45] INFO  - 进入 PageInterceptor 拦截器...
2019-01-08 16:58:59 [http-nio-8088-exec-16] [PageInterceptor.java/78] INFO  - 结束 PageInterceptor 拦截器...
2019-01-08 16:58:59 [http-nio-8088-exec-16] [PageInterceptor.java/45] INFO  - 进入 PageInterceptor 拦截器...
2019-01-08 16:58:59 [http-nio-8088-exec-16] [PageInterceptor.java/78] INFO  - 结束 PageInterceptor 拦截器...
2019-01-08 16:58:59 [http-nio-8088-exec-16] [PageInterceptor.java/45] INFO  - 进入 PageInterceptor 拦截器...
2019-01-08 16:58:59 [http-nio-8088-exec-16] [PageInterceptor.java/78] INFO  - 结束 PageInterceptor 拦截器...
2019-01-08 16:58:59 [http-nio-8088-exec-16] [PageInterceptor.java/45] INFO  - 进入 PageInterceptor 拦截器...
2019-01-08 16:58:59 [http-nio-8088-exec-16] [PageInterceptor.java/78] INFO  - 结束 PageInterceptor 拦截器...
2019-01-08 16:58:59 [http-nio-8088-exec-16] [PageInterceptor.java/45] INFO  - 进入 PageInterceptor 拦截器...
2019-01-08 16:58:59 [http-nio-8088-exec-16] [PageInterceptor.java/78] INFO  - 结束 PageInterceptor 拦截器...
2019-01-08 16:58:59 [http-nio-8088-exec-16] [PageInterceptor.java/45] INFO  - 进入 PageInterceptor 拦截器...
2019-01-08 16:58:59 [http-nio-8088-exec-16] [PageInterceptor.java/78] INFO  - 结束 PageInterceptor 拦截器...
2019-01-08 16:58:59 [http-nio-8088-exec-16] [PageInterceptor.java/45] INFO  - 进入 PageInterceptor 拦截器...
2019-01-08 16:58:59 [http-nio-8088-exec-16] [PageInterceptor.java/78] INFO  - 结束 PageInterceptor 拦截器...
2019-01-08 16:58:59 [http-nio-8088-exec-16] [PageInterceptor.java/45] INFO  - 进入 PageInterceptor 拦截器...
2019-01-08 16:58:59 [http-nio-8088-exec-16] [PageInterceptor.java/78] INFO  - 结束 PageInterceptor 拦截器...
2019-01-08 16:58:59 [http-nio-8088-exec-16] [PageInterceptor.java/45] INFO  - 进入 PageInterceptor 拦截器...
2019-01-08 16:58:59 [http-nio-8088-exec-16] [PageInterceptor.java/78] INFO  - 结束 PageInterceptor 拦截器...
2019-01-08 16:58:59 [http-nio-8088-exec-16] [PageInterceptor.java/45] INFO  - 进入 PageInterceptor 拦截器...
2019-01-08 16:58:59 [http-nio-8088-exec-16] [PageInterceptor.java/78] INFO  - 结束 PageInterceptor 拦截器...
2019-01-08 16:58:59 [http-nio-8088-exec-16] [PageInterceptor.java/45] INFO  - 进入 PageInterceptor 拦截器...
2019-01-08 16:58:59 [http-nio-8088-exec-16] [PageInterceptor.java/78] INFO  - 结束 PageInterceptor 拦截器...
2019-01-08 16:58:59 [http-nio-8088-exec-16] [PageInterceptor.java/45] INFO  - 进入 PageInterceptor 拦截器...
2019-01-08 16:58:59 [http-nio-8088-exec-16] [PageInterceptor.java/78] INFO  - 结束 PageInterceptor 拦截器...
2019-01-08 16:58:59 [http-nio-8088-exec-16] [PageInterceptor.java/45] INFO  - 进入 PageInterceptor 拦截器...
2019-01-08 16:58:59 [http-nio-8088-exec-16] [PageInterceptor.java/78] INFO  - 结束 PageInterceptor 拦截器...
2019-01-08 16:58:59 [http-nio-8088-exec-16] [PageInterceptor.java/45] INFO  - 进入 PageInterceptor 拦截器...
2019-01-08 16:58:59 [http-nio-8088-exec-16] [PageInterceptor.java/78] INFO  - 结束 PageInterceptor 拦截器...
2019-01-08 16:58:59 [http-nio-8088-exec-16] [PageInterceptor.java/45] INFO  - 进入 PageInterceptor 拦截器...
2019-01-08 16:58:59 [http-nio-8088-exec-16] [PageInterceptor.java/78] INFO  - 结束 PageInterceptor 拦截器...
2019-01-08 16:59:25 [http-nio-8088-exec-7] [PageInterceptor.java/45] INFO  - 进入 PageInterceptor 拦截器...
2019-01-08 16:59:25 [http-nio-8088-exec-7] [PageInterceptor.java/78] INFO  - 结束 PageInterceptor 拦截器...
2019-01-08 16:59:25 [http-nio-8088-exec-7] [PageInterceptor.java/45] INFO  - 进入 PageInterceptor 拦截器...
2019-01-08 16:59:25 [http-nio-8088-exec-7] [PageInterceptor.java/78] INFO  - 结束 PageInterceptor 拦截器...
2019-01-08 16:59:25 [http-nio-8088-exec-7] [PageInterceptor.java/45] INFO  - 进入 PageInterceptor 拦截器...
2019-01-08 16:59:25 [http-nio-8088-exec-7] [PageInterceptor.java/78] INFO  - 结束 PageInterceptor 拦截器...
2019-01-08 16:59:25 [http-nio-8088-exec-7] [PageInterceptor.java/45] INFO  - 进入 PageInterceptor 拦截器...
2019-01-08 16:59:25 [http-nio-8088-exec-7] [PageInterceptor.java/78] INFO  - 结束 PageInterceptor 拦截器...
2019-01-08 16:59:25 [http-nio-8088-exec-7] [PageInterceptor.java/45] INFO  - 进入 PageInterceptor 拦截器...
2019-01-08 16:59:25 [http-nio-8088-exec-7] [PageInterceptor.java/78] INFO  - 结束 PageInterceptor 拦截器...
2019-01-08 16:59:25 [http-nio-8088-exec-7] [PageInterceptor.java/45] INFO  - 进入 PageInterceptor 拦截器...
2019-01-08 16:59:25 [http-nio-8088-exec-7] [PageInterceptor.java/78] INFO  - 结束 PageInterceptor 拦截器...
2019-01-08 16:59:25 [http-nio-8088-exec-7] [PageInterceptor.java/45] INFO  - 进入 PageInterceptor 拦截器...
2019-01-08 16:59:25 [http-nio-8088-exec-7] [PageInterceptor.java/78] INFO  - 结束 PageInterceptor 拦截器...
2019-01-08 16:59:25 [http-nio-8088-exec-7] [PageInterceptor.java/45] INFO  - 进入 PageInterceptor 拦截器...
2019-01-08 16:59:25 [http-nio-8088-exec-7] [PageInterceptor.java/78] INFO  - 结束 PageInterceptor 拦截器...
2019-01-08 16:59:25 [http-nio-8088-exec-7] [PageInterceptor.java/45] INFO  - 进入 PageInterceptor 拦截器...
2019-01-08 16:59:25 [http-nio-8088-exec-7] [PageInterceptor.java/78] INFO  - 结束 PageInterceptor 拦截器...
2019-01-08 16:59:25 [http-nio-8088-exec-7] [PageInterceptor.java/45] INFO  - 进入 PageInterceptor 拦截器...
2019-01-08 16:59:25 [http-nio-8088-exec-7] [PageInterceptor.java/78] INFO  - 结束 PageInterceptor 拦截器...
2019-01-08 16:59:25 [http-nio-8088-exec-7] [PageInterceptor.java/45] INFO  - 进入 PageInterceptor 拦截器...
2019-01-08 16:59:25 [http-nio-8088-exec-7] [PageInterceptor.java/78] INFO  - 结束 PageInterceptor 拦截器...
2019-01-08 16:59:25 [http-nio-8088-exec-7] [PageInterceptor.java/45] INFO  - 进入 PageInterceptor 拦截器...
2019-01-08 16:59:25 [http-nio-8088-exec-7] [PageInterceptor.java/78] INFO  - 结束 PageInterceptor 拦截器...
2019-01-08 16:59:25 [http-nio-8088-exec-7] [PageInterceptor.java/45] INFO  - 进入 PageInterceptor 拦截器...
2019-01-08 16:59:25 [http-nio-8088-exec-7] [PageInterceptor.java/78] INFO  - 结束 PageInterceptor 拦截器...
2019-01-08 16:59:25 [http-nio-8088-exec-7] [PageInterceptor.java/45] INFO  - 进入 PageInterceptor 拦截器...
2019-01-08 16:59:25 [http-nio-8088-exec-7] [PageInterceptor.java/78] INFO  - 结束 PageInterceptor 拦截器...
2019-01-08 16:59:32 [http-nio-8088-exec-19] [PageInterceptor.java/45] INFO  - 进入 PageInterceptor 拦截器...
2019-01-08 16:59:32 [http-nio-8088-exec-19] [PageInterceptor.java/78] INFO  - 结束 PageInterceptor 拦截器...
2019-01-08 16:59:32 [http-nio-8088-exec-20] [PageInterceptor.java/45] INFO  - 进入 PageInterceptor 拦截器...
2019-01-08 16:59:32 [http-nio-8088-exec-20] [PageInterceptor.java/78] INFO  - 结束 PageInterceptor 拦截器...
2019-01-08 16:59:32 [http-nio-8088-exec-13] [PageInterceptor.java/45] INFO  - 进入 PageInterceptor 拦截器...
2019-01-08 16:59:32 [http-nio-8088-exec-13] [PageInterceptor.java/78] INFO  - 结束 PageInterceptor 拦截器...
2019-01-08 16:59:32 [http-nio-8088-exec-14] [PageInterceptor.java/45] INFO  - 进入 PageInterceptor 拦截器...
2019-01-08 16:59:32 [http-nio-8088-exec-14] [PageInterceptor.java/78] INFO  - 结束 PageInterceptor 拦截器...
2019-01-08 16:59:32 [http-nio-8088-exec-17] [PageInterceptor.java/45] INFO  - 进入 PageInterceptor 拦截器...
2019-01-08 16:59:32 [http-nio-8088-exec-17] [PageInterceptor.java/68] INFO  - 执行分页查询...
2019-01-08 16:59:32 [http-nio-8088-exec-17] [PageInterceptor.java/78] INFO  - 结束 PageInterceptor 拦截器...
2019-01-08 17:01:56 [restartedMain] [StartupInfoLogger.java/48] INFO  - Starting ApplicationStart on whli-PC with PID 4760 (E:\workspace\whli\JEEWHL\jee-boot\jee-web\target\classes started by whli in E:\workspace\whli\JEEWHL\jee-boot)
2019-01-08 17:01:56 [restartedMain] [SpringApplication.java/597] INFO  - The following profiles are active: dev
2019-01-08 17:02:07 [restartedMain] [StartupInfoLogger.java/57] INFO  - Started ApplicationStart in 11.647 seconds (JVM running for 13.201)
2019-01-08 17:02:15 [http-nio-8088-exec-1] [DruidDataSource.java/930] INFO  - {dataSource-1} inited
2019-01-08 17:03:12 [Quartz Scheduler [schedulerFactory]] [DruidDataSource.java/930] INFO  - {dataSource-2} inited
2019-01-08 17:03:27 [http-nio-8088-exec-1] [DruidDataSource.java/930] INFO  - {dataSource-3} inited
2019-01-08 17:03:27 [http-nio-8088-exec-1] [PageInterceptor.java/45] INFO  - 进入 PageInterceptor 拦截器...
2019-01-08 17:03:27 [http-nio-8088-exec-1] [PageInterceptor.java/78] INFO  - 结束 PageInterceptor 拦截器...
