2019-01-09 08:47:36 [restartedMain] [StartupInfoLogger.java/48] INFO  - Starting ApplicationStart on whli-PC with PID 4076 (E:\workspace\whli\JEEWHL\jee-boot\jee-web\target\classes started by whli in E:\workspace\whli\JEEWHL\jee-boot)
2019-01-09 08:47:36 [restartedMain] [SpringApplication.java/597] INFO  - The following profiles are active: dev
2019-01-09 08:47:49 [restartedMain] [StartupInfoLogger.java/57] INFO  - Started ApplicationStart in 12.854 seconds (JVM running for 16.624)
2019-01-09 08:48:49 [Quartz Scheduler [schedulerFactory]] [DruidDataSource.java/930] INFO  - {dataSource-1} inited
2019-01-09 08:49:00 [http-nio-8088-exec-1] [DruidDataSource.java/930] INFO  - {dataSource-2} inited
2019-01-09 08:49:00 [http-nio-8088-exec-1] [DruidDataSource.java/930] INFO  - {dataSource-3} inited
2019-01-09 08:49:00 [http-nio-8088-exec-1] [PageInterceptor.java/45] INFO  - 进入 PageInterceptor 拦截器...
2019-01-09 08:49:00 [http-nio-8088-exec-1] [PageInterceptor.java/78] INFO  - 结束 PageInterceptor 拦截器...
2019-01-09 08:49:00 [http-nio-8088-exec-3] [PageInterceptor.java/45] INFO  - 进入 PageInterceptor 拦截器...
2019-01-09 08:49:00 [http-nio-8088-exec-3] [PageInterceptor.java/78] INFO  - 结束 PageInterceptor 拦截器...
2019-01-09 08:49:00 [http-nio-8088-exec-3] [PageInterceptor.java/45] INFO  - 进入 PageInterceptor 拦截器...
2019-01-09 08:49:00 [http-nio-8088-exec-3] [PageInterceptor.java/78] INFO  - 结束 PageInterceptor 拦截器...
2019-01-09 08:49:00 [http-nio-8088-exec-3] [PageInterceptor.java/45] INFO  - 进入 PageInterceptor 拦截器...
2019-01-09 08:49:00 [http-nio-8088-exec-3] [PageInterceptor.java/78] INFO  - 结束 PageInterceptor 拦截器...
2019-01-09 08:49:00 [http-nio-8088-exec-3] [PageInterceptor.java/45] INFO  - 进入 PageInterceptor 拦截器...
2019-01-09 08:49:00 [http-nio-8088-exec-3] [PageInterceptor.java/78] INFO  - 结束 PageInterceptor 拦截器...
2019-01-09 08:49:00 [http-nio-8088-exec-3] [PageInterceptor.java/45] INFO  - 进入 PageInterceptor 拦截器...
2019-01-09 08:49:00 [http-nio-8088-exec-3] [PageInterceptor.java/78] INFO  - 结束 PageInterceptor 拦截器...
2019-01-09 08:49:00 [http-nio-8088-exec-3] [PageInterceptor.java/45] INFO  - 进入 PageInterceptor 拦截器...
2019-01-09 08:49:00 [http-nio-8088-exec-3] [PageInterceptor.java/78] INFO  - 结束 PageInterceptor 拦截器...
2019-01-09 08:49:00 [http-nio-8088-exec-3] [PageInterceptor.java/45] INFO  - 进入 PageInterceptor 拦截器...
2019-01-09 08:49:00 [http-nio-8088-exec-3] [PageInterceptor.java/78] INFO  - 结束 PageInterceptor 拦截器...
2019-01-09 08:49:00 [http-nio-8088-exec-3] [PageInterceptor.java/45] INFO  - 进入 PageInterceptor 拦截器...
2019-01-09 08:49:00 [http-nio-8088-exec-3] [PageInterceptor.java/78] INFO  - 结束 PageInterceptor 拦截器...
2019-01-09 08:49:00 [http-nio-8088-exec-3] [PageInterceptor.java/45] INFO  - 进入 PageInterceptor 拦截器...
2019-01-09 08:49:00 [http-nio-8088-exec-3] [PageInterceptor.java/78] INFO  - 结束 PageInterceptor 拦截器...
2019-01-09 08:49:00 [http-nio-8088-exec-3] [PageInterceptor.java/45] INFO  - 进入 PageInterceptor 拦截器...
2019-01-09 08:49:00 [http-nio-8088-exec-3] [PageInterceptor.java/78] INFO  - 结束 PageInterceptor 拦截器...
2019-01-09 08:49:00 [http-nio-8088-exec-3] [PageInterceptor.java/45] INFO  - 进入 PageInterceptor 拦截器...
2019-01-09 08:49:00 [http-nio-8088-exec-3] [PageInterceptor.java/78] INFO  - 结束 PageInterceptor 拦截器...
2019-01-09 08:49:00 [http-nio-8088-exec-3] [PageInterceptor.java/45] INFO  - 进入 PageInterceptor 拦截器...
2019-01-09 08:49:00 [http-nio-8088-exec-3] [PageInterceptor.java/78] INFO  - 结束 PageInterceptor 拦截器...
2019-01-09 08:49:00 [http-nio-8088-exec-3] [PageInterceptor.java/45] INFO  - 进入 PageInterceptor 拦截器...
2019-01-09 08:49:00 [http-nio-8088-exec-3] [PageInterceptor.java/78] INFO  - 结束 PageInterceptor 拦截器...
2019-01-09 08:49:00 [http-nio-8088-exec-3] [PageInterceptor.java/45] INFO  - 进入 PageInterceptor 拦截器...
2019-01-09 08:49:00 [http-nio-8088-exec-3] [PageInterceptor.java/78] INFO  - 结束 PageInterceptor 拦截器...
2019-01-09 08:49:06 [http-nio-8088-exec-6] [PageInterceptor.java/45] INFO  - 进入 PageInterceptor 拦截器...
2019-01-09 08:49:06 [http-nio-8088-exec-6] [PageInterceptor.java/78] INFO  - 结束 PageInterceptor 拦截器...
2019-01-09 08:49:06 [http-nio-8088-exec-13] [PageInterceptor.java/45] INFO  - 进入 PageInterceptor 拦截器...
2019-01-09 08:49:06 [http-nio-8088-exec-13] [PageInterceptor.java/78] INFO  - 结束 PageInterceptor 拦截器...
2019-01-09 08:49:06 [http-nio-8088-exec-13] [PageInterceptor.java/45] INFO  - 进入 PageInterceptor 拦截器...
2019-01-09 08:49:06 [http-nio-8088-exec-13] [PageInterceptor.java/78] INFO  - 结束 PageInterceptor 拦截器...
2019-01-09 08:49:06 [http-nio-8088-exec-13] [PageInterceptor.java/45] INFO  - 进入 PageInterceptor 拦截器...
2019-01-09 08:49:06 [http-nio-8088-exec-13] [PageInterceptor.java/78] INFO  - 结束 PageInterceptor 拦截器...
2019-01-09 08:49:06 [http-nio-8088-exec-13] [PageInterceptor.java/45] INFO  - 进入 PageInterceptor 拦截器...
2019-01-09 08:49:06 [http-nio-8088-exec-9] [PageInterceptor.java/45] INFO  - 进入 PageInterceptor 拦截器...
2019-01-09 08:49:06 [http-nio-8088-exec-9] [PageInterceptor.java/78] INFO  - 结束 PageInterceptor 拦截器...
2019-01-09 08:49:06 [http-nio-8088-exec-13] [PageInterceptor.java/78] INFO  - 结束 PageInterceptor 拦截器...
2019-01-09 08:49:06 [http-nio-8088-exec-10] [PageInterceptor.java/45] INFO  - 进入 PageInterceptor 拦截器...
2019-01-09 08:49:06 [http-nio-8088-exec-10] [PageInterceptor.java/68] INFO  - 执行分页查询...
2019-01-09 08:49:06 [http-nio-8088-exec-13] [PageInterceptor.java/45] INFO  - 进入 PageInterceptor 拦截器...
2019-01-09 08:49:06 [http-nio-8088-exec-13] [PageInterceptor.java/78] INFO  - 结束 PageInterceptor 拦截器...
2019-01-09 08:49:06 [http-nio-8088-exec-13] [PageInterceptor.java/45] INFO  - 进入 PageInterceptor 拦截器...
2019-01-09 08:49:06 [http-nio-8088-exec-13] [PageInterceptor.java/78] INFO  - 结束 PageInterceptor 拦截器...
2019-01-09 08:49:06 [http-nio-8088-exec-10] [PageInterceptor.java/78] INFO  - 结束 PageInterceptor 拦截器...
2019-01-09 08:49:06 [http-nio-8088-exec-13] [PageInterceptor.java/45] INFO  - 进入 PageInterceptor 拦截器...
2019-01-09 08:49:06 [http-nio-8088-exec-13] [PageInterceptor.java/78] INFO  - 结束 PageInterceptor 拦截器...
2019-01-09 08:49:06 [http-nio-8088-exec-13] [PageInterceptor.java/45] INFO  - 进入 PageInterceptor 拦截器...
2019-01-09 08:49:06 [http-nio-8088-exec-13] [PageInterceptor.java/78] INFO  - 结束 PageInterceptor 拦截器...
2019-01-09 08:49:06 [http-nio-8088-exec-13] [PageInterceptor.java/45] INFO  - 进入 PageInterceptor 拦截器...
2019-01-09 08:49:06 [http-nio-8088-exec-13] [PageInterceptor.java/78] INFO  - 结束 PageInterceptor 拦截器...
2019-01-09 08:49:06 [http-nio-8088-exec-13] [PageInterceptor.java/45] INFO  - 进入 PageInterceptor 拦截器...
2019-01-09 08:49:06 [http-nio-8088-exec-13] [PageInterceptor.java/78] INFO  - 结束 PageInterceptor 拦截器...
2019-01-09 08:49:06 [http-nio-8088-exec-13] [PageInterceptor.java/45] INFO  - 进入 PageInterceptor 拦截器...
2019-01-09 08:49:06 [http-nio-8088-exec-13] [PageInterceptor.java/78] INFO  - 结束 PageInterceptor 拦截器...
2019-01-09 08:49:06 [http-nio-8088-exec-13] [PageInterceptor.java/45] INFO  - 进入 PageInterceptor 拦截器...
2019-01-09 08:49:06 [http-nio-8088-exec-13] [PageInterceptor.java/78] INFO  - 结束 PageInterceptor 拦截器...
2019-01-09 08:49:06 [http-nio-8088-exec-13] [PageInterceptor.java/45] INFO  - 进入 PageInterceptor 拦截器...
2019-01-09 08:49:06 [http-nio-8088-exec-13] [PageInterceptor.java/78] INFO  - 结束 PageInterceptor 拦截器...
2019-01-09 08:49:06 [http-nio-8088-exec-13] [PageInterceptor.java/45] INFO  - 进入 PageInterceptor 拦截器...
2019-01-09 08:49:06 [http-nio-8088-exec-13] [PageInterceptor.java/78] INFO  - 结束 PageInterceptor 拦截器...
2019-01-09 08:49:06 [http-nio-8088-exec-13] [PageInterceptor.java/45] INFO  - 进入 PageInterceptor 拦截器...
2019-01-09 08:49:06 [http-nio-8088-exec-13] [PageInterceptor.java/78] INFO  - 结束 PageInterceptor 拦截器...
2019-01-09 08:49:06 [http-nio-8088-exec-13] [PageInterceptor.java/45] INFO  - 进入 PageInterceptor 拦截器...
2019-01-09 08:49:06 [http-nio-8088-exec-13] [PageInterceptor.java/78] INFO  - 结束 PageInterceptor 拦截器...
2019-01-09 08:49:06 [http-nio-8088-exec-13] [PageInterceptor.java/45] INFO  - 进入 PageInterceptor 拦截器...
2019-01-09 08:49:06 [http-nio-8088-exec-13] [PageInterceptor.java/78] INFO  - 结束 PageInterceptor 拦截器...
2019-01-09 08:49:06 [http-nio-8088-exec-13] [PageInterceptor.java/45] INFO  - 进入 PageInterceptor 拦截器...
2019-01-09 08:49:06 [http-nio-8088-exec-13] [PageInterceptor.java/78] INFO  - 结束 PageInterceptor 拦截器...
2019-01-09 08:49:06 [http-nio-8088-exec-13] [PageInterceptor.java/45] INFO  - 进入 PageInterceptor 拦截器...
2019-01-09 08:49:06 [http-nio-8088-exec-13] [PageInterceptor.java/78] INFO  - 结束 PageInterceptor 拦截器...
2019-01-09 08:49:07 [http-nio-8088-exec-11] [PageInterceptor.java/45] INFO  - 进入 PageInterceptor 拦截器...
2019-01-09 08:49:07 [http-nio-8088-exec-11] [PageInterceptor.java/78] INFO  - 结束 PageInterceptor 拦截器...
2019-01-09 08:49:07 [http-nio-8088-exec-14] [PageInterceptor.java/45] INFO  - 进入 PageInterceptor 拦截器...
2019-01-09 08:49:07 [http-nio-8088-exec-14] [PageInterceptor.java/78] INFO  - 结束 PageInterceptor 拦截器...
2019-01-09 08:49:07 [http-nio-8088-exec-17] [PageInterceptor.java/45] INFO  - 进入 PageInterceptor 拦截器...
2019-01-09 08:49:07 [http-nio-8088-exec-17] [PageInterceptor.java/78] INFO  - 结束 PageInterceptor 拦截器...
2019-01-09 08:49:07 [http-nio-8088-exec-16] [PageInterceptor.java/45] INFO  - 进入 PageInterceptor 拦截器...
2019-01-09 08:49:07 [http-nio-8088-exec-16] [PageInterceptor.java/78] INFO  - 结束 PageInterceptor 拦截器...
2019-01-09 08:49:07 [http-nio-8088-exec-12] [PageInterceptor.java/45] INFO  - 进入 PageInterceptor 拦截器...
2019-01-09 08:49:07 [http-nio-8088-exec-12] [PageInterceptor.java/68] INFO  - 执行分页查询...
2019-01-09 08:49:07 [http-nio-8088-exec-12] [PageInterceptor.java/78] INFO  - 结束 PageInterceptor 拦截器...
2019-01-09 08:51:43 [http-nio-8088-exec-20] [PageInterceptor.java/45] INFO  - 进入 PageInterceptor 拦截器...
2019-01-09 08:51:43 [http-nio-8088-exec-20] [PageInterceptor.java/78] INFO  - 结束 PageInterceptor 拦截器...
2019-01-09 09:23:48 [restartedMain] [StartupInfoLogger.java/48] INFO  - Starting ApplicationStart on whli-PC with PID 5564 (E:\workspace\whli\JEEWHL\jee-boot\jee-web\target\classes started by whli in E:\workspace\whli\JEEWHL\jee-boot)
2019-01-09 09:23:48 [restartedMain] [SpringApplication.java/597] INFO  - The following profiles are active: dev
2019-01-09 09:23:59 [restartedMain] [StartupInfoLogger.java/57] INFO  - Started ApplicationStart in 11.48 seconds (JVM running for 13.312)
2019-01-09 09:24:05 [http-nio-8088-exec-2] [DruidDataSource.java/930] INFO  - {dataSource-1} inited
2019-01-09 09:24:05 [http-nio-8088-exec-2] [PageInterceptor.java/45] INFO  - 进入 PageInterceptor 拦截器...
2019-01-09 09:24:05 [http-nio-8088-exec-2] [PageInterceptor.java/78] INFO  - 结束 PageInterceptor 拦截器...
2019-01-09 09:24:05 [http-nio-8088-exec-2] [PageInterceptor.java/45] INFO  - 进入 PageInterceptor 拦截器...
2019-01-09 09:24:05 [http-nio-8088-exec-2] [PageInterceptor.java/78] INFO  - 结束 PageInterceptor 拦截器...
2019-01-09 09:24:05 [http-nio-8088-exec-2] [PageInterceptor.java/45] INFO  - 进入 PageInterceptor 拦截器...
2019-01-09 09:24:05 [http-nio-8088-exec-2] [PageInterceptor.java/78] INFO  - 结束 PageInterceptor 拦截器...
2019-01-09 09:24:05 [http-nio-8088-exec-2] [PageInterceptor.java/45] INFO  - 进入 PageInterceptor 拦截器...
2019-01-09 09:24:05 [http-nio-8088-exec-2] [PageInterceptor.java/78] INFO  - 结束 PageInterceptor 拦截器...
2019-01-09 09:24:05 [http-nio-8088-exec-2] [PageInterceptor.java/45] INFO  - 进入 PageInterceptor 拦截器...
2019-01-09 09:24:05 [http-nio-8088-exec-2] [PageInterceptor.java/78] INFO  - 结束 PageInterceptor 拦截器...
2019-01-09 09:24:05 [http-nio-8088-exec-2] [PageInterceptor.java/45] INFO  - 进入 PageInterceptor 拦截器...
2019-01-09 09:24:05 [http-nio-8088-exec-2] [PageInterceptor.java/78] INFO  - 结束 PageInterceptor 拦截器...
2019-01-09 09:24:05 [http-nio-8088-exec-2] [PageInterceptor.java/45] INFO  - 进入 PageInterceptor 拦截器...
2019-01-09 09:24:05 [http-nio-8088-exec-2] [PageInterceptor.java/78] INFO  - 结束 PageInterceptor 拦截器...
2019-01-09 09:24:05 [http-nio-8088-exec-2] [PageInterceptor.java/45] INFO  - 进入 PageInterceptor 拦截器...
2019-01-09 09:24:05 [http-nio-8088-exec-2] [PageInterceptor.java/78] INFO  - 结束 PageInterceptor 拦截器...
2019-01-09 09:24:05 [http-nio-8088-exec-2] [PageInterceptor.java/45] INFO  - 进入 PageInterceptor 拦截器...
2019-01-09 09:24:05 [http-nio-8088-exec-2] [PageInterceptor.java/78] INFO  - 结束 PageInterceptor 拦截器...
2019-01-09 09:24:05 [http-nio-8088-exec-2] [PageInterceptor.java/45] INFO  - 进入 PageInterceptor 拦截器...
2019-01-09 09:24:05 [http-nio-8088-exec-2] [PageInterceptor.java/78] INFO  - 结束 PageInterceptor 拦截器...
2019-01-09 09:24:05 [http-nio-8088-exec-2] [PageInterceptor.java/45] INFO  - 进入 PageInterceptor 拦截器...
2019-01-09 09:24:05 [http-nio-8088-exec-2] [PageInterceptor.java/78] INFO  - 结束 PageInterceptor 拦截器...
2019-01-09 09:24:05 [http-nio-8088-exec-2] [PageInterceptor.java/45] INFO  - 进入 PageInterceptor 拦截器...
2019-01-09 09:24:05 [http-nio-8088-exec-2] [PageInterceptor.java/78] INFO  - 结束 PageInterceptor 拦截器...
2019-01-09 09:24:05 [http-nio-8088-exec-2] [PageInterceptor.java/45] INFO  - 进入 PageInterceptor 拦截器...
2019-01-09 09:24:05 [http-nio-8088-exec-2] [PageInterceptor.java/78] INFO  - 结束 PageInterceptor 拦截器...
2019-01-09 09:24:05 [http-nio-8088-exec-2] [PageInterceptor.java/45] INFO  - 进入 PageInterceptor 拦截器...
2019-01-09 09:24:05 [http-nio-8088-exec-2] [PageInterceptor.java/78] INFO  - 结束 PageInterceptor 拦截器...
2019-01-09 09:24:07 [http-nio-8088-exec-6] [PageInterceptor.java/45] INFO  - 进入 PageInterceptor 拦截器...
2019-01-09 09:24:07 [http-nio-8088-exec-6] [PageInterceptor.java/78] INFO  - 结束 PageInterceptor 拦截器...
2019-01-09 09:24:08 [http-nio-8088-exec-5] [PageInterceptor.java/45] INFO  - 进入 PageInterceptor 拦截器...
2019-01-09 09:24:08 [http-nio-8088-exec-5] [PageInterceptor.java/78] INFO  - 结束 PageInterceptor 拦截器...
2019-01-09 09:24:08 [http-nio-8088-exec-10] [PageInterceptor.java/45] INFO  - 进入 PageInterceptor 拦截器...
2019-01-09 09:24:08 [http-nio-8088-exec-10] [PageInterceptor.java/78] INFO  - 结束 PageInterceptor 拦截器...
2019-01-09 09:24:08 [http-nio-8088-exec-11] [PageInterceptor.java/45] INFO  - 进入 PageInterceptor 拦截器...
2019-01-09 09:24:08 [http-nio-8088-exec-11] [PageInterceptor.java/78] INFO  - 结束 PageInterceptor 拦截器...
2019-01-09 09:24:08 [http-nio-8088-exec-9] [PageInterceptor.java/45] INFO  - 进入 PageInterceptor 拦截器...
2019-01-09 09:24:08 [http-nio-8088-exec-9] [PageInterceptor.java/68] INFO  - 执行分页查询...
2019-01-09 09:24:08 [http-nio-8088-exec-9] [PageInterceptor.java/78] INFO  - 结束 PageInterceptor 拦截器...
2019-01-09 09:24:14 [http-nio-8088-exec-14] [DruidDataSource.java/930] INFO  - {dataSource-2} inited
2019-01-09 09:25:05 [Quartz Scheduler [schedulerFactory]] [DruidDataSource.java/930] INFO  - {dataSource-3} inited
2019-01-09 09:25:21 [http-nio-8088-exec-14] [PageInterceptor.java/45] INFO  - 进入 PageInterceptor 拦截器...
2019-01-09 09:25:21 [http-nio-8088-exec-14] [PageInterceptor.java/78] INFO  - 结束 PageInterceptor 拦截器...
2019-01-09 09:27:06 [restartedMain] [StartupInfoLogger.java/48] INFO  - Starting ApplicationStart on whli-PC with PID 4552 (E:\workspace\whli\JEEWHL\jee-boot\jee-web\target\classes started by whli in E:\workspace\whli\JEEWHL\jee-boot)
2019-01-09 09:27:06 [restartedMain] [SpringApplication.java/597] INFO  - The following profiles are active: dev
2019-01-09 09:27:17 [restartedMain] [StartupInfoLogger.java/57] INFO  - Started ApplicationStart in 11.156 seconds (JVM running for 12.82)
2019-01-09 09:27:26 [http-nio-8088-exec-1] [DruidDataSource.java/930] INFO  - {dataSource-1} inited
2019-01-09 09:27:26 [http-nio-8088-exec-1] [DruidDataSource.java/930] INFO  - {dataSource-2} inited
2019-01-09 09:27:26 [http-nio-8088-exec-1] [PageInterceptor.java/45] INFO  - 进入 PageInterceptor 拦截器...
2019-01-09 09:27:26 [http-nio-8088-exec-1] [PageInterceptor.java/78] INFO  - 结束 PageInterceptor 拦截器...
2019-01-09 09:28:12 [http-nio-8088-exec-2] [PageInterceptor.java/45] INFO  - 进入 PageInterceptor 拦截器...
2019-01-09 09:28:12 [http-nio-8088-exec-2] [PageInterceptor.java/78] INFO  - 结束 PageInterceptor 拦截器...
2019-01-09 09:28:16 [http-nio-8088-exec-3] [PageInterceptor.java/45] INFO  - 进入 PageInterceptor 拦截器...
2019-01-09 09:28:16 [http-nio-8088-exec-3] [PageInterceptor.java/68] INFO  - 执行分页查询...
2019-01-09 09:28:16 [http-nio-8088-exec-3] [PageInterceptor.java/78] INFO  - 结束 PageInterceptor 拦截器...
2019-01-09 09:28:17 [Quartz Scheduler [schedulerFactory]] [DruidDataSource.java/930] INFO  - {dataSource-3} inited
2019-01-09 09:29:40 [restartedMain] [StartupInfoLogger.java/48] INFO  - Starting ApplicationStart on whli-PC with PID 2940 (E:\workspace\whli\JEEWHL\jee-boot\jee-web\target\classes started by whli in E:\workspace\whli\JEEWHL\jee-boot)
2019-01-09 09:29:40 [restartedMain] [SpringApplication.java/597] INFO  - The following profiles are active: dev
2019-01-09 09:29:51 [restartedMain] [StartupInfoLogger.java/57] INFO  - Started ApplicationStart in 11.805 seconds (JVM running for 13.371)
2019-01-09 09:30:00 [http-nio-8088-exec-1] [DruidDataSource.java/930] INFO  - {dataSource-1} inited
2019-01-09 09:30:00 [http-nio-8088-exec-1] [PageInterceptor.java/45] INFO  - 进入 PageInterceptor 拦截器...
2019-01-09 09:30:00 [http-nio-8088-exec-1] [PageInterceptor.java/78] INFO  - 结束 PageInterceptor 拦截器...
2019-01-09 09:30:36 [http-nio-8088-exec-2] [DruidDataSource.java/930] INFO  - {dataSource-2} inited
2019-01-09 09:30:36 [http-nio-8088-exec-2] [PageInterceptor.java/45] INFO  - 进入 PageInterceptor 拦截器...
2019-01-09 09:30:36 [http-nio-8088-exec-2] [PageInterceptor.java/78] INFO  - 结束 PageInterceptor 拦截器...
2019-01-09 09:30:39 [http-nio-8088-exec-3] [PageInterceptor.java/45] INFO  - 进入 PageInterceptor 拦截器...
2019-01-09 09:30:39 [http-nio-8088-exec-3] [PageInterceptor.java/68] INFO  - 执行分页查询...
2019-01-09 09:30:39 [http-nio-8088-exec-3] [PageInterceptor.java/78] INFO  - 结束 PageInterceptor 拦截器...
2019-01-09 09:30:39 [http-nio-8088-exec-4] [PageInterceptor.java/45] INFO  - 进入 PageInterceptor 拦截器...
2019-01-09 09:30:39 [http-nio-8088-exec-4] [PageInterceptor.java/68] INFO  - 执行分页查询...
2019-01-09 09:30:39 [http-nio-8088-exec-4] [PageInterceptor.java/78] INFO  - 结束 PageInterceptor 拦截器...
2019-01-09 09:30:51 [Quartz Scheduler [schedulerFactory]] [DruidDataSource.java/930] INFO  - {dataSource-3} inited
2019-01-09 09:31:01 [http-nio-8088-exec-5] [PageInterceptor.java/45] INFO  - 进入 PageInterceptor 拦截器...
2019-01-09 09:31:01 [http-nio-8088-exec-5] [PageInterceptor.java/78] INFO  - 结束 PageInterceptor 拦截器...
2019-01-09 09:31:01 [http-nio-8088-exec-5] [PageInterceptor.java/45] INFO  - 进入 PageInterceptor 拦截器...
2019-01-09 09:31:01 [http-nio-8088-exec-5] [PageInterceptor.java/78] INFO  - 结束 PageInterceptor 拦截器...
2019-01-09 09:31:01 [http-nio-8088-exec-5] [PageInterceptor.java/45] INFO  - 进入 PageInterceptor 拦截器...
2019-01-09 09:31:01 [http-nio-8088-exec-5] [PageInterceptor.java/78] INFO  - 结束 PageInterceptor 拦截器...
2019-01-09 09:31:03 [http-nio-8088-exec-6] [PageInterceptor.java/45] INFO  - 进入 PageInterceptor 拦截器...
2019-01-09 09:31:03 [http-nio-8088-exec-6] [PageInterceptor.java/68] INFO  - 执行分页查询...
2019-01-09 09:31:03 [http-nio-8088-exec-6] [PageInterceptor.java/78] INFO  - 结束 PageInterceptor 拦截器...
2019-01-09 09:31:04 [http-nio-8088-exec-7] [PageInterceptor.java/45] INFO  - 进入 PageInterceptor 拦截器...
2019-01-09 09:31:04 [http-nio-8088-exec-7] [PageInterceptor.java/68] INFO  - 执行分页查询...
2019-01-09 09:31:04 [http-nio-8088-exec-7] [PageInterceptor.java/78] INFO  - 结束 PageInterceptor 拦截器...
2019-01-09 09:32:19 [http-nio-8088-exec-8] [PageInterceptor.java/45] INFO  - 进入 PageInterceptor 拦截器...
2019-01-09 09:32:19 [http-nio-8088-exec-8] [PageInterceptor.java/78] INFO  - 结束 PageInterceptor 拦截器...
2019-01-09 09:32:21 [http-nio-8088-exec-10] [PageInterceptor.java/45] INFO  - 进入 PageInterceptor 拦截器...
2019-01-09 09:32:21 [http-nio-8088-exec-10] [PageInterceptor.java/78] INFO  - 结束 PageInterceptor 拦截器...
2019-01-09 09:32:21 [http-nio-8088-exec-11] [PageInterceptor.java/45] INFO  - 进入 PageInterceptor 拦截器...
2019-01-09 09:32:21 [http-nio-8088-exec-11] [PageInterceptor.java/68] INFO  - 执行分页查询...
2019-01-09 09:32:21 [http-nio-8088-exec-11] [PageInterceptor.java/78] INFO  - 结束 PageInterceptor 拦截器...
2019-01-09 09:33:57 [restartedMain] [StartupInfoLogger.java/48] INFO  - Starting ApplicationStart on whli-PC with PID 2392 (E:\workspace\whli\JEEWHL\jee-boot\jee-web\target\classes started by whli in E:\workspace\whli\JEEWHL\jee-boot)
2019-01-09 09:33:57 [restartedMain] [SpringApplication.java/597] INFO  - The following profiles are active: dev
2019-01-09 09:34:08 [restartedMain] [StartupInfoLogger.java/57] INFO  - Started ApplicationStart in 11.342 seconds (JVM running for 13.021)
2019-01-09 09:34:16 [http-nio-8088-exec-2] [DruidDataSource.java/930] INFO  - {dataSource-1} inited
2019-01-09 09:34:16 [http-nio-8088-exec-2] [PageInterceptor.java/45] INFO  - 进入 PageInterceptor 拦截器...
2019-01-09 09:34:16 [http-nio-8088-exec-2] [PageInterceptor.java/78] INFO  - 结束 PageInterceptor 拦截器...
2019-01-09 09:34:16 [http-nio-8088-exec-2] [PageInterceptor.java/45] INFO  - 进入 PageInterceptor 拦截器...
2019-01-09 09:34:16 [http-nio-8088-exec-2] [PageInterceptor.java/78] INFO  - 结束 PageInterceptor 拦截器...
2019-01-09 09:34:16 [http-nio-8088-exec-2] [PageInterceptor.java/45] INFO  - 进入 PageInterceptor 拦截器...
2019-01-09 09:34:16 [http-nio-8088-exec-2] [PageInterceptor.java/78] INFO  - 结束 PageInterceptor 拦截器...
2019-01-09 09:34:16 [http-nio-8088-exec-2] [PageInterceptor.java/45] INFO  - 进入 PageInterceptor 拦截器...
2019-01-09 09:34:16 [http-nio-8088-exec-2] [PageInterceptor.java/78] INFO  - 结束 PageInterceptor 拦截器...
2019-01-09 09:34:16 [http-nio-8088-exec-2] [PageInterceptor.java/45] INFO  - 进入 PageInterceptor 拦截器...
2019-01-09 09:34:16 [http-nio-8088-exec-2] [PageInterceptor.java/78] INFO  - 结束 PageInterceptor 拦截器...
2019-01-09 09:34:16 [http-nio-8088-exec-2] [PageInterceptor.java/45] INFO  - 进入 PageInterceptor 拦截器...
2019-01-09 09:34:16 [http-nio-8088-exec-2] [PageInterceptor.java/78] INFO  - 结束 PageInterceptor 拦截器...
2019-01-09 09:34:16 [http-nio-8088-exec-2] [PageInterceptor.java/45] INFO  - 进入 PageInterceptor 拦截器...
2019-01-09 09:34:16 [http-nio-8088-exec-2] [PageInterceptor.java/78] INFO  - 结束 PageInterceptor 拦截器...
2019-01-09 09:34:16 [http-nio-8088-exec-2] [PageInterceptor.java/45] INFO  - 进入 PageInterceptor 拦截器...
2019-01-09 09:34:16 [http-nio-8088-exec-2] [PageInterceptor.java/78] INFO  - 结束 PageInterceptor 拦截器...
2019-01-09 09:34:16 [http-nio-8088-exec-2] [PageInterceptor.java/45] INFO  - 进入 PageInterceptor 拦截器...
2019-01-09 09:34:16 [http-nio-8088-exec-2] [PageInterceptor.java/78] INFO  - 结束 PageInterceptor 拦截器...
2019-01-09 09:34:16 [http-nio-8088-exec-2] [PageInterceptor.java/45] INFO  - 进入 PageInterceptor 拦截器...
2019-01-09 09:34:16 [http-nio-8088-exec-2] [PageInterceptor.java/78] INFO  - 结束 PageInterceptor 拦截器...
2019-01-09 09:34:16 [http-nio-8088-exec-2] [PageInterceptor.java/45] INFO  - 进入 PageInterceptor 拦截器...
2019-01-09 09:34:16 [http-nio-8088-exec-2] [PageInterceptor.java/78] INFO  - 结束 PageInterceptor 拦截器...
2019-01-09 09:34:16 [http-nio-8088-exec-2] [PageInterceptor.java/45] INFO  - 进入 PageInterceptor 拦截器...
2019-01-09 09:34:16 [http-nio-8088-exec-2] [PageInterceptor.java/78] INFO  - 结束 PageInterceptor 拦截器...
2019-01-09 09:34:16 [http-nio-8088-exec-2] [PageInterceptor.java/45] INFO  - 进入 PageInterceptor 拦截器...
2019-01-09 09:34:16 [http-nio-8088-exec-2] [PageInterceptor.java/78] INFO  - 结束 PageInterceptor 拦截器...
2019-01-09 09:34:16 [http-nio-8088-exec-2] [PageInterceptor.java/45] INFO  - 进入 PageInterceptor 拦截器...
2019-01-09 09:34:16 [http-nio-8088-exec-2] [PageInterceptor.java/78] INFO  - 结束 PageInterceptor 拦截器...
2019-01-09 09:34:20 [http-nio-8088-exec-5] [PageInterceptor.java/45] INFO  - 进入 PageInterceptor 拦截器...
2019-01-09 09:34:20 [http-nio-8088-exec-5] [PageInterceptor.java/78] INFO  - 结束 PageInterceptor 拦截器...
2019-01-09 09:34:20 [http-nio-8088-exec-9] [PageInterceptor.java/45] INFO  - 进入 PageInterceptor 拦截器...
2019-01-09 09:34:20 [http-nio-8088-exec-9] [PageInterceptor.java/78] INFO  - 结束 PageInterceptor 拦截器...
2019-01-09 09:34:20 [http-nio-8088-exec-8] [PageInterceptor.java/45] INFO  - 进入 PageInterceptor 拦截器...
2019-01-09 09:34:20 [http-nio-8088-exec-8] [PageInterceptor.java/78] INFO  - 结束 PageInterceptor 拦截器...
2019-01-09 09:34:20 [http-nio-8088-exec-12] [PageInterceptor.java/45] INFO  - 进入 PageInterceptor 拦截器...
2019-01-09 09:34:20 [http-nio-8088-exec-12] [PageInterceptor.java/78] INFO  - 结束 PageInterceptor 拦截器...
2019-01-09 09:34:20 [http-nio-8088-exec-11] [PageInterceptor.java/45] INFO  - 进入 PageInterceptor 拦截器...
2019-01-09 09:34:20 [http-nio-8088-exec-11] [PageInterceptor.java/68] INFO  - 执行分页查询...
2019-01-09 09:34:20 [http-nio-8088-exec-11] [PageInterceptor.java/78] INFO  - 结束 PageInterceptor 拦截器...
2019-01-09 09:34:26 [http-nio-8088-exec-13] [DruidDataSource.java/930] INFO  - {dataSource-2} inited
2019-01-09 09:34:27 [http-nio-8088-exec-13] [PageInterceptor.java/45] INFO  - 进入 PageInterceptor 拦截器...
2019-01-09 09:34:27 [http-nio-8088-exec-13] [PageInterceptor.java/78] INFO  - 结束 PageInterceptor 拦截器...
2019-01-09 09:34:27 [http-nio-8088-exec-13] [PageInterceptor.java/45] INFO  - 进入 PageInterceptor 拦截器...
2019-01-09 09:34:27 [http-nio-8088-exec-13] [PageInterceptor.java/78] INFO  - 结束 PageInterceptor 拦截器...
2019-01-09 09:34:27 [http-nio-8088-exec-13] [PageInterceptor.java/45] INFO  - 进入 PageInterceptor 拦截器...
2019-01-09 09:34:27 [http-nio-8088-exec-13] [PageInterceptor.java/78] INFO  - 结束 PageInterceptor 拦截器...
2019-01-09 09:34:28 [http-nio-8088-exec-14] [PageInterceptor.java/45] INFO  - 进入 PageInterceptor 拦截器...
2019-01-09 09:34:28 [http-nio-8088-exec-14] [PageInterceptor.java/68] INFO  - 执行分页查询...
2019-01-09 09:34:28 [http-nio-8088-exec-14] [PageInterceptor.java/78] INFO  - 结束 PageInterceptor 拦截器...
2019-01-09 09:34:29 [http-nio-8088-exec-16] [PageInterceptor.java/45] INFO  - 进入 PageInterceptor 拦截器...
2019-01-09 09:34:29 [http-nio-8088-exec-16] [PageInterceptor.java/68] INFO  - 执行分页查询...
2019-01-09 09:34:29 [http-nio-8088-exec-16] [PageInterceptor.java/78] INFO  - 结束 PageInterceptor 拦截器...
2019-01-09 09:34:29 [http-nio-8088-exec-19] [PageInterceptor.java/45] INFO  - 进入 PageInterceptor 拦截器...
2019-01-09 09:34:29 [http-nio-8088-exec-19] [PageInterceptor.java/68] INFO  - 执行分页查询...
2019-01-09 09:34:29 [http-nio-8088-exec-19] [PageInterceptor.java/78] INFO  - 结束 PageInterceptor 拦截器...
2019-01-09 09:34:30 [http-nio-8088-exec-20] [PageInterceptor.java/45] INFO  - 进入 PageInterceptor 拦截器...
2019-01-09 09:34:30 [http-nio-8088-exec-20] [PageInterceptor.java/68] INFO  - 执行分页查询...
2019-01-09 09:34:30 [http-nio-8088-exec-20] [PageInterceptor.java/78] INFO  - 结束 PageInterceptor 拦截器...
2019-01-09 09:34:30 [http-nio-8088-exec-10] [PageInterceptor.java/45] INFO  - 进入 PageInterceptor 拦截器...
2019-01-09 09:34:30 [http-nio-8088-exec-10] [PageInterceptor.java/68] INFO  - 执行分页查询...
2019-01-09 09:34:30 [http-nio-8088-exec-10] [PageInterceptor.java/78] INFO  - 结束 PageInterceptor 拦截器...
2019-01-09 09:34:30 [http-nio-8088-exec-17] [PageInterceptor.java/45] INFO  - 进入 PageInterceptor 拦截器...
2019-01-09 09:34:30 [http-nio-8088-exec-17] [PageInterceptor.java/68] INFO  - 执行分页查询...
2019-01-09 09:34:30 [http-nio-8088-exec-17] [PageInterceptor.java/78] INFO  - 结束 PageInterceptor 拦截器...
2019-01-09 09:35:35 [restartedMain] [StartupInfoLogger.java/48] INFO  - Starting ApplicationStart on whli-PC with PID 5836 (E:\workspace\whli\JEEWHL\jee-boot\jee-web\target\classes started by whli in E:\workspace\whli\JEEWHL\jee-boot)
2019-01-09 09:35:35 [restartedMain] [SpringApplication.java/597] INFO  - The following profiles are active: dev
2019-01-09 09:35:45 [restartedMain] [StartupInfoLogger.java/57] INFO  - Started ApplicationStart in 10.391 seconds (JVM running for 13.311)
2019-01-09 09:35:52 [http-nio-8088-exec-1] [DruidDataSource.java/930] INFO  - {dataSource-1} inited
2019-01-09 09:35:52 [http-nio-8088-exec-1] [PageInterceptor.java/45] INFO  - 进入 PageInterceptor 拦截器...
2019-01-09 09:35:52 [http-nio-8088-exec-1] [PageInterceptor.java/78] INFO  - 结束 PageInterceptor 拦截器...
2019-01-09 09:35:54 [http-nio-8088-exec-2] [PageInterceptor.java/45] INFO  - 进入 PageInterceptor 拦截器...
2019-01-09 09:35:54 [http-nio-8088-exec-2] [PageInterceptor.java/78] INFO  - 结束 PageInterceptor 拦截器...
2019-01-09 09:35:56 [http-nio-8088-exec-3] [PageInterceptor.java/45] INFO  - 进入 PageInterceptor 拦截器...
2019-01-09 09:35:56 [http-nio-8088-exec-3] [PageInterceptor.java/78] INFO  - 结束 PageInterceptor 拦截器...
2019-01-09 09:35:57 [http-nio-8088-exec-4] [PageInterceptor.java/45] INFO  - 进入 PageInterceptor 拦截器...
2019-01-09 09:35:57 [http-nio-8088-exec-4] [PageInterceptor.java/78] INFO  - 结束 PageInterceptor 拦截器...
2019-01-09 09:36:01 [http-nio-8088-exec-5] [PageInterceptor.java/45] INFO  - 进入 PageInterceptor 拦截器...
2019-01-09 09:36:01 [http-nio-8088-exec-5] [PageInterceptor.java/78] INFO  - 结束 PageInterceptor 拦截器...
2019-01-09 09:36:01 [http-nio-8088-exec-6] [PageInterceptor.java/45] INFO  - 进入 PageInterceptor 拦截器...
2019-01-09 09:36:01 [http-nio-8088-exec-6] [PageInterceptor.java/68] INFO  - 执行分页查询...
2019-01-09 09:36:01 [http-nio-8088-exec-6] [PageInterceptor.java/78] INFO  - 结束 PageInterceptor 拦截器...
2019-01-09 09:36:15 [http-nio-8088-exec-7] [PageInterceptor.java/45] INFO  - 进入 PageInterceptor 拦截器...
2019-01-09 09:36:15 [http-nio-8088-exec-7] [PageInterceptor.java/78] INFO  - 结束 PageInterceptor 拦截器...
2019-01-09 09:36:15 [http-nio-8088-exec-7] [PageInterceptor.java/45] INFO  - 进入 PageInterceptor 拦截器...
2019-01-09 09:36:15 [http-nio-8088-exec-7] [PageInterceptor.java/78] INFO  - 结束 PageInterceptor 拦截器...
2019-01-09 09:36:15 [http-nio-8088-exec-7] [PageInterceptor.java/45] INFO  - 进入 PageInterceptor 拦截器...
2019-01-09 09:36:15 [http-nio-8088-exec-7] [PageInterceptor.java/78] INFO  - 结束 PageInterceptor 拦截器...
2019-01-09 09:36:17 [http-nio-8088-exec-8] [PageInterceptor.java/45] INFO  - 进入 PageInterceptor 拦截器...
2019-01-09 09:36:17 [http-nio-8088-exec-8] [PageInterceptor.java/68] INFO  - 执行分页查询...
2019-01-09 09:36:17 [http-nio-8088-exec-8] [PageInterceptor.java/78] INFO  - 结束 PageInterceptor 拦截器...
2019-01-09 09:36:18 [http-nio-8088-exec-9] [PageInterceptor.java/45] INFO  - 进入 PageInterceptor 拦截器...
2019-01-09 09:36:18 [http-nio-8088-exec-9] [PageInterceptor.java/68] INFO  - 执行分页查询...
2019-01-09 09:36:18 [http-nio-8088-exec-9] [PageInterceptor.java/78] INFO  - 结束 PageInterceptor 拦截器...
2019-01-09 09:36:18 [http-nio-8088-exec-11] [PageInterceptor.java/45] INFO  - 进入 PageInterceptor 拦截器...
2019-01-09 09:36:18 [http-nio-8088-exec-11] [PageInterceptor.java/68] INFO  - 执行分页查询...
2019-01-09 09:36:18 [http-nio-8088-exec-11] [PageInterceptor.java/78] INFO  - 结束 PageInterceptor 拦截器...
2019-01-09 09:36:19 [http-nio-8088-exec-10] [PageInterceptor.java/45] INFO  - 进入 PageInterceptor 拦截器...
2019-01-09 09:36:19 [http-nio-8088-exec-10] [PageInterceptor.java/68] INFO  - 执行分页查询...
2019-01-09 09:36:19 [http-nio-8088-exec-10] [PageInterceptor.java/78] INFO  - 结束 PageInterceptor 拦截器...
2019-01-09 09:36:44 [Quartz Scheduler [schedulerFactory]] [DruidDataSource.java/930] INFO  - {dataSource-2} inited
2019-01-09 09:39:16 [restartedMain] [StartupInfoLogger.java/48] INFO  - Starting ApplicationStart on whli-PC with PID 672 (E:\workspace\whli\JEEWHL\jee-boot\jee-web\target\classes started by whli in E:\workspace\whli\JEEWHL\jee-boot)
2019-01-09 09:39:16 [restartedMain] [SpringApplication.java/597] INFO  - The following profiles are active: dev
2019-01-09 09:39:26 [restartedMain] [StartupInfoLogger.java/57] INFO  - Started ApplicationStart in 11.333 seconds (JVM running for 12.829)
2019-01-09 09:39:32 [http-nio-8088-exec-1] [DruidDataSource.java/930] INFO  - {dataSource-1} inited
2019-01-09 09:39:32 [http-nio-8088-exec-1] [PageInterceptor.java/45] INFO  - 进入 PageInterceptor 拦截器...
2019-01-09 09:39:32 [http-nio-8088-exec-1] [PageInterceptor.java/78] INFO  - 结束 PageInterceptor 拦截器...
2019-01-09 09:39:32 [http-nio-8088-exec-1] [PageInterceptor.java/45] INFO  - 进入 PageInterceptor 拦截器...
2019-01-09 09:39:32 [http-nio-8088-exec-1] [PageInterceptor.java/78] INFO  - 结束 PageInterceptor 拦截器...
2019-01-09 09:39:32 [http-nio-8088-exec-1] [PageInterceptor.java/45] INFO  - 进入 PageInterceptor 拦截器...
2019-01-09 09:39:32 [http-nio-8088-exec-1] [PageInterceptor.java/78] INFO  - 结束 PageInterceptor 拦截器...
2019-01-09 09:39:32 [http-nio-8088-exec-1] [PageInterceptor.java/45] INFO  - 进入 PageInterceptor 拦截器...
2019-01-09 09:39:32 [http-nio-8088-exec-1] [PageInterceptor.java/78] INFO  - 结束 PageInterceptor 拦截器...
2019-01-09 09:39:32 [http-nio-8088-exec-1] [PageInterceptor.java/45] INFO  - 进入 PageInterceptor 拦截器...
2019-01-09 09:39:32 [http-nio-8088-exec-1] [PageInterceptor.java/78] INFO  - 结束 PageInterceptor 拦截器...
2019-01-09 09:39:32 [http-nio-8088-exec-1] [PageInterceptor.java/45] INFO  - 进入 PageInterceptor 拦截器...
2019-01-09 09:39:32 [http-nio-8088-exec-1] [PageInterceptor.java/78] INFO  - 结束 PageInterceptor 拦截器...
2019-01-09 09:39:32 [http-nio-8088-exec-1] [PageInterceptor.java/45] INFO  - 进入 PageInterceptor 拦截器...
2019-01-09 09:39:32 [http-nio-8088-exec-1] [PageInterceptor.java/78] INFO  - 结束 PageInterceptor 拦截器...
2019-01-09 09:39:32 [http-nio-8088-exec-1] [PageInterceptor.java/45] INFO  - 进入 PageInterceptor 拦截器...
2019-01-09 09:39:32 [http-nio-8088-exec-1] [PageInterceptor.java/78] INFO  - 结束 PageInterceptor 拦截器...
2019-01-09 09:39:32 [http-nio-8088-exec-1] [PageInterceptor.java/45] INFO  - 进入 PageInterceptor 拦截器...
2019-01-09 09:39:32 [http-nio-8088-exec-1] [PageInterceptor.java/78] INFO  - 结束 PageInterceptor 拦截器...
2019-01-09 09:39:32 [http-nio-8088-exec-1] [PageInterceptor.java/45] INFO  - 进入 PageInterceptor 拦截器...
2019-01-09 09:39:32 [http-nio-8088-exec-1] [PageInterceptor.java/78] INFO  - 结束 PageInterceptor 拦截器...
2019-01-09 09:39:32 [http-nio-8088-exec-1] [PageInterceptor.java/45] INFO  - 进入 PageInterceptor 拦截器...
2019-01-09 09:39:32 [http-nio-8088-exec-1] [PageInterceptor.java/78] INFO  - 结束 PageInterceptor 拦截器...
2019-01-09 09:39:32 [http-nio-8088-exec-1] [PageInterceptor.java/45] INFO  - 进入 PageInterceptor 拦截器...
2019-01-09 09:39:32 [http-nio-8088-exec-1] [PageInterceptor.java/78] INFO  - 结束 PageInterceptor 拦截器...
2019-01-09 09:39:32 [http-nio-8088-exec-1] [PageInterceptor.java/45] INFO  - 进入 PageInterceptor 拦截器...
2019-01-09 09:39:32 [http-nio-8088-exec-1] [PageInterceptor.java/78] INFO  - 结束 PageInterceptor 拦截器...
2019-01-09 09:39:32 [http-nio-8088-exec-1] [PageInterceptor.java/45] INFO  - 进入 PageInterceptor 拦截器...
2019-01-09 09:39:32 [http-nio-8088-exec-1] [PageInterceptor.java/78] INFO  - 结束 PageInterceptor 拦截器...
2019-01-09 09:40:16 [http-nio-8088-exec-2] [PageInterceptor.java/45] INFO  - 进入 PageInterceptor 拦截器...
2019-01-09 09:40:16 [http-nio-8088-exec-2] [PageInterceptor.java/78] INFO  - 结束 PageInterceptor 拦截器...
2019-01-09 09:40:16 [http-nio-8088-exec-3] [PageInterceptor.java/45] INFO  - 进入 PageInterceptor 拦截器...
2019-01-09 09:40:16 [http-nio-8088-exec-3] [PageInterceptor.java/78] INFO  - 结束 PageInterceptor 拦截器...
2019-01-09 09:40:16 [http-nio-8088-exec-5] [PageInterceptor.java/45] INFO  - 进入 PageInterceptor 拦截器...
2019-01-09 09:40:16 [http-nio-8088-exec-5] [PageInterceptor.java/78] INFO  - 结束 PageInterceptor 拦截器...
2019-01-09 09:40:16 [http-nio-8088-exec-4] [PageInterceptor.java/45] INFO  - 进入 PageInterceptor 拦截器...
2019-01-09 09:40:16 [http-nio-8088-exec-4] [PageInterceptor.java/68] INFO  - 执行分页查询...
2019-01-09 09:40:16 [http-nio-8088-exec-4] [PageInterceptor.java/78] INFO  - 结束 PageInterceptor 拦截器...
2019-01-09 09:40:16 [http-nio-8088-exec-6] [PageInterceptor.java/45] INFO  - 进入 PageInterceptor 拦截器...
2019-01-09 09:40:16 [http-nio-8088-exec-6] [PageInterceptor.java/78] INFO  - 结束 PageInterceptor 拦截器...
2019-01-09 09:40:21 [http-nio-8088-exec-7] [DruidDataSource.java/930] INFO  - {dataSource-2} inited
2019-01-09 09:40:21 [http-nio-8088-exec-7] [PageInterceptor.java/45] INFO  - 进入 PageInterceptor 拦截器...
2019-01-09 09:40:21 [http-nio-8088-exec-7] [PageInterceptor.java/78] INFO  - 结束 PageInterceptor 拦截器...
2019-01-09 09:40:21 [http-nio-8088-exec-7] [PageInterceptor.java/45] INFO  - 进入 PageInterceptor 拦截器...
2019-01-09 09:40:21 [http-nio-8088-exec-7] [PageInterceptor.java/78] INFO  - 结束 PageInterceptor 拦截器...
2019-01-09 09:40:21 [http-nio-8088-exec-7] [PageInterceptor.java/45] INFO  - 进入 PageInterceptor 拦截器...
2019-01-09 09:40:21 [http-nio-8088-exec-7] [PageInterceptor.java/78] INFO  - 结束 PageInterceptor 拦截器...
2019-01-09 09:40:23 [http-nio-8088-exec-8] [PageInterceptor.java/45] INFO  - 进入 PageInterceptor 拦截器...
2019-01-09 09:40:23 [http-nio-8088-exec-8] [PageInterceptor.java/68] INFO  - 执行分页查询...
2019-01-09 09:40:23 [http-nio-8088-exec-8] [PageInterceptor.java/78] INFO  - 结束 PageInterceptor 拦截器...
2019-01-09 09:40:23 [http-nio-8088-exec-9] [PageInterceptor.java/45] INFO  - 进入 PageInterceptor 拦截器...
2019-01-09 09:40:23 [http-nio-8088-exec-9] [PageInterceptor.java/68] INFO  - 执行分页查询...
2019-01-09 09:40:23 [http-nio-8088-exec-9] [PageInterceptor.java/78] INFO  - 结束 PageInterceptor 拦截器...
2019-01-09 09:40:26 [Quartz Scheduler [schedulerFactory]] [DruidDataSource.java/930] INFO  - {dataSource-3} inited
2019-01-09 09:43:37 [restartedMain] [StartupInfoLogger.java/48] INFO  - Starting ApplicationStart on whli-PC with PID 4812 (E:\workspace\whli\JEEWHL\jee-boot\jee-web\target\classes started by whli in E:\workspace\whli\JEEWHL\jee-boot)
2019-01-09 09:43:37 [restartedMain] [SpringApplication.java/597] INFO  - The following profiles are active: dev
2019-01-09 09:43:48 [restartedMain] [StartupInfoLogger.java/57] INFO  - Started ApplicationStart in 11.898 seconds (JVM running for 13.422)
2019-01-09 09:43:53 [http-nio-8088-exec-1] [DruidDataSource.java/930] INFO  - {dataSource-1} inited
2019-01-09 09:43:53 [http-nio-8088-exec-1] [PageInterceptor.java/45] INFO  - 进入 PageInterceptor 拦截器...
2019-01-09 09:43:53 [http-nio-8088-exec-1] [PageInterceptor.java/78] INFO  - 结束 PageInterceptor 拦截器...
2019-01-09 09:43:54 [http-nio-8088-exec-1] [PageInterceptor.java/45] INFO  - 进入 PageInterceptor 拦截器...
2019-01-09 09:43:54 [http-nio-8088-exec-1] [PageInterceptor.java/78] INFO  - 结束 PageInterceptor 拦截器...
2019-01-09 09:43:54 [http-nio-8088-exec-1] [PageInterceptor.java/45] INFO  - 进入 PageInterceptor 拦截器...
2019-01-09 09:43:54 [http-nio-8088-exec-1] [PageInterceptor.java/78] INFO  - 结束 PageInterceptor 拦截器...
2019-01-09 09:43:54 [http-nio-8088-exec-1] [PageInterceptor.java/45] INFO  - 进入 PageInterceptor 拦截器...
2019-01-09 09:43:54 [http-nio-8088-exec-1] [PageInterceptor.java/78] INFO  - 结束 PageInterceptor 拦截器...
2019-01-09 09:43:54 [http-nio-8088-exec-1] [PageInterceptor.java/45] INFO  - 进入 PageInterceptor 拦截器...
2019-01-09 09:43:54 [http-nio-8088-exec-1] [PageInterceptor.java/78] INFO  - 结束 PageInterceptor 拦截器...
2019-01-09 09:43:54 [http-nio-8088-exec-1] [PageInterceptor.java/45] INFO  - 进入 PageInterceptor 拦截器...
2019-01-09 09:43:54 [http-nio-8088-exec-1] [PageInterceptor.java/78] INFO  - 结束 PageInterceptor 拦截器...
2019-01-09 09:43:54 [http-nio-8088-exec-1] [PageInterceptor.java/45] INFO  - 进入 PageInterceptor 拦截器...
2019-01-09 09:43:54 [http-nio-8088-exec-1] [PageInterceptor.java/78] INFO  - 结束 PageInterceptor 拦截器...
2019-01-09 09:43:54 [http-nio-8088-exec-1] [PageInterceptor.java/45] INFO  - 进入 PageInterceptor 拦截器...
2019-01-09 09:43:54 [http-nio-8088-exec-1] [PageInterceptor.java/78] INFO  - 结束 PageInterceptor 拦截器...
2019-01-09 09:43:54 [http-nio-8088-exec-1] [PageInterceptor.java/45] INFO  - 进入 PageInterceptor 拦截器...
2019-01-09 09:43:54 [http-nio-8088-exec-1] [PageInterceptor.java/78] INFO  - 结束 PageInterceptor 拦截器...
2019-01-09 09:43:54 [http-nio-8088-exec-1] [PageInterceptor.java/45] INFO  - 进入 PageInterceptor 拦截器...
2019-01-09 09:43:54 [http-nio-8088-exec-1] [PageInterceptor.java/78] INFO  - 结束 PageInterceptor 拦截器...
2019-01-09 09:43:54 [http-nio-8088-exec-1] [PageInterceptor.java/45] INFO  - 进入 PageInterceptor 拦截器...
2019-01-09 09:43:54 [http-nio-8088-exec-1] [PageInterceptor.java/78] INFO  - 结束 PageInterceptor 拦截器...
2019-01-09 09:43:54 [http-nio-8088-exec-1] [PageInterceptor.java/45] INFO  - 进入 PageInterceptor 拦截器...
2019-01-09 09:43:54 [http-nio-8088-exec-1] [PageInterceptor.java/78] INFO  - 结束 PageInterceptor 拦截器...
2019-01-09 09:43:54 [http-nio-8088-exec-1] [PageInterceptor.java/45] INFO  - 进入 PageInterceptor 拦截器...
2019-01-09 09:43:54 [http-nio-8088-exec-1] [PageInterceptor.java/78] INFO  - 结束 PageInterceptor 拦截器...
2019-01-09 09:43:54 [http-nio-8088-exec-1] [PageInterceptor.java/45] INFO  - 进入 PageInterceptor 拦截器...
2019-01-09 09:43:54 [http-nio-8088-exec-1] [PageInterceptor.java/78] INFO  - 结束 PageInterceptor 拦截器...
2019-01-09 09:43:55 [http-nio-8088-exec-2] [PageInterceptor.java/45] INFO  - 进入 PageInterceptor 拦截器...
2019-01-09 09:43:55 [http-nio-8088-exec-2] [PageInterceptor.java/78] INFO  - 结束 PageInterceptor 拦截器...
2019-01-09 09:43:55 [http-nio-8088-exec-3] [PageInterceptor.java/45] INFO  - 进入 PageInterceptor 拦截器...
2019-01-09 09:43:55 [http-nio-8088-exec-3] [PageInterceptor.java/78] INFO  - 结束 PageInterceptor 拦截器...
2019-01-09 09:43:56 [http-nio-8088-exec-5] [PageInterceptor.java/45] INFO  - 进入 PageInterceptor 拦截器...
2019-01-09 09:43:56 [http-nio-8088-exec-5] [PageInterceptor.java/78] INFO  - 结束 PageInterceptor 拦截器...
2019-01-09 09:43:56 [http-nio-8088-exec-4] [PageInterceptor.java/45] INFO  - 进入 PageInterceptor 拦截器...
2019-01-09 09:43:56 [http-nio-8088-exec-4] [PageInterceptor.java/68] INFO  - 执行分页查询...
2019-01-09 09:43:56 [http-nio-8088-exec-4] [PageInterceptor.java/78] INFO  - 结束 PageInterceptor 拦截器...
2019-01-09 09:43:56 [http-nio-8088-exec-6] [PageInterceptor.java/45] INFO  - 进入 PageInterceptor 拦截器...
2019-01-09 09:43:56 [http-nio-8088-exec-6] [PageInterceptor.java/78] INFO  - 结束 PageInterceptor 拦截器...
2019-01-09 09:43:57 [http-nio-8088-exec-7] [PageInterceptor.java/45] INFO  - 进入 PageInterceptor 拦截器...
2019-01-09 09:43:57 [http-nio-8088-exec-7] [PageInterceptor.java/78] INFO  - 结束 PageInterceptor 拦截器...
2019-01-09 09:43:59 [http-nio-8088-exec-9] [PageInterceptor.java/45] INFO  - 进入 PageInterceptor 拦截器...
2019-01-09 09:43:59 [http-nio-8088-exec-9] [PageInterceptor.java/78] INFO  - 结束 PageInterceptor 拦截器...
2019-01-09 09:43:59 [http-nio-8088-exec-10] [PageInterceptor.java/45] INFO  - 进入 PageInterceptor 拦截器...
2019-01-09 09:43:59 [http-nio-8088-exec-10] [PageInterceptor.java/68] INFO  - 执行分页查询...
2019-01-09 09:43:59 [http-nio-8088-exec-10] [PageInterceptor.java/78] INFO  - 结束 PageInterceptor 拦截器...
2019-01-09 09:44:08 [http-nio-8088-exec-11] [PageInterceptor.java/45] INFO  - 进入 PageInterceptor 拦截器...
2019-01-09 09:44:08 [http-nio-8088-exec-11] [PageInterceptor.java/78] INFO  - 结束 PageInterceptor 拦截器...
2019-01-09 09:44:08 [http-nio-8088-exec-11] [PageInterceptor.java/45] INFO  - 进入 PageInterceptor 拦截器...
2019-01-09 09:44:08 [http-nio-8088-exec-11] [PageInterceptor.java/78] INFO  - 结束 PageInterceptor 拦截器...
2019-01-09 09:44:08 [http-nio-8088-exec-11] [PageInterceptor.java/45] INFO  - 进入 PageInterceptor 拦截器...
2019-01-09 09:44:08 [http-nio-8088-exec-11] [PageInterceptor.java/78] INFO  - 结束 PageInterceptor 拦截器...
2019-01-09 09:44:10 [http-nio-8088-exec-12] [PageInterceptor.java/45] INFO  - 进入 PageInterceptor 拦截器...
2019-01-09 09:44:10 [http-nio-8088-exec-12] [PageInterceptor.java/68] INFO  - 执行分页查询...
2019-01-09 09:44:10 [http-nio-8088-exec-12] [PageInterceptor.java/78] INFO  - 结束 PageInterceptor 拦截器...
2019-01-09 09:44:11 [http-nio-8088-exec-13] [PageInterceptor.java/45] INFO  - 进入 PageInterceptor 拦截器...
2019-01-09 09:44:11 [http-nio-8088-exec-13] [PageInterceptor.java/68] INFO  - 执行分页查询...
2019-01-09 09:44:11 [http-nio-8088-exec-13] [PageInterceptor.java/78] INFO  - 结束 PageInterceptor 拦截器...
2019-01-09 09:44:48 [Quartz Scheduler [schedulerFactory]] [DruidDataSource.java/930] INFO  - {dataSource-2} inited
2019-01-09 09:45:27 [http-nio-8088-exec-16] [PageInterceptor.java/45] INFO  - 进入 PageInterceptor 拦截器...
2019-01-09 09:45:27 [http-nio-8088-exec-16] [PageInterceptor.java/78] INFO  - 结束 PageInterceptor 拦截器...
2019-01-09 09:45:27 [http-nio-8088-exec-16] [PageInterceptor.java/45] INFO  - 进入 PageInterceptor 拦截器...
2019-01-09 09:45:27 [http-nio-8088-exec-16] [PageInterceptor.java/78] INFO  - 结束 PageInterceptor 拦截器...
2019-01-09 09:45:27 [http-nio-8088-exec-16] [PageInterceptor.java/45] INFO  - 进入 PageInterceptor 拦截器...
2019-01-09 09:45:27 [http-nio-8088-exec-16] [PageInterceptor.java/78] INFO  - 结束 PageInterceptor 拦截器...
2019-01-09 09:45:27 [http-nio-8088-exec-16] [PageInterceptor.java/45] INFO  - 进入 PageInterceptor 拦截器...
2019-01-09 09:45:27 [http-nio-8088-exec-16] [PageInterceptor.java/78] INFO  - 结束 PageInterceptor 拦截器...
2019-01-09 09:45:27 [http-nio-8088-exec-16] [PageInterceptor.java/45] INFO  - 进入 PageInterceptor 拦截器...
2019-01-09 09:45:27 [http-nio-8088-exec-16] [PageInterceptor.java/78] INFO  - 结束 PageInterceptor 拦截器...
2019-01-09 09:45:27 [http-nio-8088-exec-16] [PageInterceptor.java/45] INFO  - 进入 PageInterceptor 拦截器...
2019-01-09 09:45:27 [http-nio-8088-exec-16] [PageInterceptor.java/78] INFO  - 结束 PageInterceptor 拦截器...
2019-01-09 09:45:27 [http-nio-8088-exec-16] [PageInterceptor.java/45] INFO  - 进入 PageInterceptor 拦截器...
2019-01-09 09:45:27 [http-nio-8088-exec-16] [PageInterceptor.java/78] INFO  - 结束 PageInterceptor 拦截器...
2019-01-09 09:45:28 [http-nio-8088-exec-16] [PageInterceptor.java/45] INFO  - 进入 PageInterceptor 拦截器...
2019-01-09 09:45:28 [http-nio-8088-exec-16] [PageInterceptor.java/78] INFO  - 结束 PageInterceptor 拦截器...
2019-01-09 09:45:28 [http-nio-8088-exec-16] [PageInterceptor.java/45] INFO  - 进入 PageInterceptor 拦截器...
2019-01-09 09:45:28 [http-nio-8088-exec-16] [PageInterceptor.java/78] INFO  - 结束 PageInterceptor 拦截器...
2019-01-09 09:45:28 [http-nio-8088-exec-16] [PageInterceptor.java/45] INFO  - 进入 PageInterceptor 拦截器...
2019-01-09 09:45:28 [http-nio-8088-exec-16] [PageInterceptor.java/78] INFO  - 结束 PageInterceptor 拦截器...
2019-01-09 09:45:28 [http-nio-8088-exec-16] [PageInterceptor.java/45] INFO  - 进入 PageInterceptor 拦截器...
2019-01-09 09:45:28 [http-nio-8088-exec-16] [PageInterceptor.java/78] INFO  - 结束 PageInterceptor 拦截器...
2019-01-09 09:45:28 [http-nio-8088-exec-16] [PageInterceptor.java/45] INFO  - 进入 PageInterceptor 拦截器...
2019-01-09 09:45:28 [http-nio-8088-exec-16] [PageInterceptor.java/78] INFO  - 结束 PageInterceptor 拦截器...
2019-01-09 09:45:28 [http-nio-8088-exec-16] [PageInterceptor.java/45] INFO  - 进入 PageInterceptor 拦截器...
2019-01-09 09:45:28 [http-nio-8088-exec-16] [PageInterceptor.java/78] INFO  - 结束 PageInterceptor 拦截器...
2019-01-09 09:45:28 [http-nio-8088-exec-16] [PageInterceptor.java/45] INFO  - 进入 PageInterceptor 拦截器...
2019-01-09 09:45:28 [http-nio-8088-exec-16] [PageInterceptor.java/78] INFO  - 结束 PageInterceptor 拦截器...
2019-01-09 09:45:34 [http-nio-8088-exec-18] [PageInterceptor.java/45] INFO  - 进入 PageInterceptor 拦截器...
2019-01-09 09:45:34 [http-nio-8088-exec-18] [PageInterceptor.java/78] INFO  - 结束 PageInterceptor 拦截器...
2019-01-09 09:45:34 [http-nio-8088-exec-20] [PageInterceptor.java/45] INFO  - 进入 PageInterceptor 拦截器...
2019-01-09 09:45:34 [http-nio-8088-exec-20] [PageInterceptor.java/78] INFO  - 结束 PageInterceptor 拦截器...
2019-01-09 09:45:34 [http-nio-8088-exec-2] [PageInterceptor.java/45] INFO  - 进入 PageInterceptor 拦截器...
2019-01-09 09:45:34 [http-nio-8088-exec-2] [PageInterceptor.java/78] INFO  - 结束 PageInterceptor 拦截器...
2019-01-09 09:45:34 [http-nio-8088-exec-5] [PageInterceptor.java/45] INFO  - 进入 PageInterceptor 拦截器...
2019-01-09 09:45:34 [http-nio-8088-exec-5] [PageInterceptor.java/78] INFO  - 结束 PageInterceptor 拦截器...
2019-01-09 09:45:34 [http-nio-8088-exec-3] [PageInterceptor.java/45] INFO  - 进入 PageInterceptor 拦截器...
2019-01-09 09:45:34 [http-nio-8088-exec-3] [PageInterceptor.java/68] INFO  - 执行分页查询...
2019-01-09 09:45:34 [http-nio-8088-exec-3] [PageInterceptor.java/78] INFO  - 结束 PageInterceptor 拦截器...
2019-01-09 09:45:38 [http-nio-8088-exec-4] [PageInterceptor.java/45] INFO  - 进入 PageInterceptor 拦截器...
2019-01-09 09:45:38 [http-nio-8088-exec-4] [PageInterceptor.java/78] INFO  - 结束 PageInterceptor 拦截器...
2019-01-09 09:45:38 [http-nio-8088-exec-4] [PageInterceptor.java/45] INFO  - 进入 PageInterceptor 拦截器...
2019-01-09 09:45:38 [http-nio-8088-exec-4] [PageInterceptor.java/78] INFO  - 结束 PageInterceptor 拦截器...
2019-01-09 09:45:38 [http-nio-8088-exec-4] [PageInterceptor.java/45] INFO  - 进入 PageInterceptor 拦截器...
2019-01-09 09:45:38 [http-nio-8088-exec-4] [PageInterceptor.java/78] INFO  - 结束 PageInterceptor 拦截器...
2019-01-09 09:45:38 [http-nio-8088-exec-7] [PageInterceptor.java/45] INFO  - 进入 PageInterceptor 拦截器...
2019-01-09 09:45:38 [http-nio-8088-exec-7] [PageInterceptor.java/68] INFO  - 执行分页查询...
2019-01-09 09:45:38 [http-nio-8088-exec-7] [PageInterceptor.java/78] INFO  - 结束 PageInterceptor 拦截器...
2019-01-09 09:46:14 [http-nio-8088-exec-8] [PageInterceptor.java/45] INFO  - 进入 PageInterceptor 拦截器...
2019-01-09 09:46:14 [http-nio-8088-exec-8] [PageInterceptor.java/78] INFO  - 结束 PageInterceptor 拦截器...
2019-01-09 09:46:14 [http-nio-8088-exec-8] [PageInterceptor.java/45] INFO  - 进入 PageInterceptor 拦截器...
2019-01-09 09:46:14 [http-nio-8088-exec-8] [PageInterceptor.java/78] INFO  - 结束 PageInterceptor 拦截器...
2019-01-09 09:46:14 [http-nio-8088-exec-8] [PageInterceptor.java/45] INFO  - 进入 PageInterceptor 拦截器...
2019-01-09 09:46:14 [http-nio-8088-exec-8] [PageInterceptor.java/78] INFO  - 结束 PageInterceptor 拦截器...
2019-01-09 09:46:14 [http-nio-8088-exec-9] [PageInterceptor.java/45] INFO  - 进入 PageInterceptor 拦截器...
2019-01-09 09:46:14 [http-nio-8088-exec-9] [PageInterceptor.java/68] INFO  - 执行分页查询...
2019-01-09 09:46:14 [http-nio-8088-exec-9] [PageInterceptor.java/78] INFO  - 结束 PageInterceptor 拦截器...
2019-01-09 09:46:23 [http-nio-8088-exec-10] [PageInterceptor.java/45] INFO  - 进入 PageInterceptor 拦截器...
2019-01-09 09:46:23 [http-nio-8088-exec-10] [PageInterceptor.java/78] INFO  - 结束 PageInterceptor 拦截器...
2019-01-09 09:46:23 [http-nio-8088-exec-11] [PageInterceptor.java/45] INFO  - 进入 PageInterceptor 拦截器...
2019-01-09 09:46:23 [http-nio-8088-exec-11] [PageInterceptor.java/68] INFO  - 执行分页查询...
2019-01-09 09:46:23 [http-nio-8088-exec-11] [PageInterceptor.java/78] INFO  - 结束 PageInterceptor 拦截器...
2019-01-09 09:46:37 [http-nio-8088-exec-12] [PageInterceptor.java/45] INFO  - 进入 PageInterceptor 拦截器...
2019-01-09 09:46:37 [http-nio-8088-exec-12] [PageInterceptor.java/78] INFO  - 结束 PageInterceptor 拦截器...
2019-01-09 09:46:41 [http-nio-8088-exec-13] [PageInterceptor.java/45] INFO  - 进入 PageInterceptor 拦截器...
2019-01-09 09:46:41 [http-nio-8088-exec-13] [PageInterceptor.java/78] INFO  - 结束 PageInterceptor 拦截器...
2019-01-09 09:46:41 [http-nio-8088-exec-14] [PageInterceptor.java/45] INFO  - 进入 PageInterceptor 拦截器...
2019-01-09 09:46:41 [http-nio-8088-exec-14] [PageInterceptor.java/68] INFO  - 执行分页查询...
2019-01-09 09:46:41 [http-nio-8088-exec-14] [PageInterceptor.java/78] INFO  - 结束 PageInterceptor 拦截器...
2019-01-09 09:46:43 [http-nio-8088-exec-16] [PageInterceptor.java/45] INFO  - 进入 PageInterceptor 拦截器...
2019-01-09 09:46:43 [http-nio-8088-exec-16] [PageInterceptor.java/78] INFO  - 结束 PageInterceptor 拦截器...
2019-01-09 09:46:45 [http-nio-8088-exec-15] [PageInterceptor.java/45] INFO  - 进入 PageInterceptor 拦截器...
2019-01-09 09:46:45 [http-nio-8088-exec-15] [PageInterceptor.java/78] INFO  - 结束 PageInterceptor 拦截器...
2019-01-09 09:46:45 [http-nio-8088-exec-17] [PageInterceptor.java/45] INFO  - 进入 PageInterceptor 拦截器...
2019-01-09 09:46:45 [http-nio-8088-exec-17] [PageInterceptor.java/68] INFO  - 执行分页查询...
2019-01-09 09:46:45 [http-nio-8088-exec-17] [PageInterceptor.java/78] INFO  - 结束 PageInterceptor 拦截器...
2019-01-09 09:47:22 [http-nio-8088-exec-18] [PageInterceptor.java/45] INFO  - 进入 PageInterceptor 拦截器...
2019-01-09 09:47:22 [http-nio-8088-exec-18] [PageInterceptor.java/68] INFO  - 执行分页查询...
2019-01-09 09:47:22 [http-nio-8088-exec-18] [PageInterceptor.java/78] INFO  - 结束 PageInterceptor 拦截器...
2019-01-09 10:03:41 [restartedMain] [StartupInfoLogger.java/48] INFO  - Starting ApplicationStart on whli-PC with PID 5316 (E:\workspace\whli\JEEWHL\jee-boot\jee-web\target\classes started by whli in E:\workspace\whli\JEEWHL\jee-boot)
2019-01-09 10:03:41 [restartedMain] [SpringApplication.java/597] INFO  - The following profiles are active: dev
2019-01-09 10:03:51 [restartedMain] [StartupInfoLogger.java/57] INFO  - Started ApplicationStart in 10.785 seconds (JVM running for 12.295)
2019-01-09 10:03:55 [http-nio-8088-exec-2] [DruidDataSource.java/930] INFO  - {dataSource-1} inited
2019-01-09 10:03:55 [http-nio-8088-exec-2] [PageInterceptor.java/45] INFO  - 进入 PageInterceptor 拦截器...
2019-01-09 10:03:55 [http-nio-8088-exec-2] [PageInterceptor.java/78] INFO  - 结束 PageInterceptor 拦截器...
2019-01-09 10:03:55 [http-nio-8088-exec-2] [PageInterceptor.java/45] INFO  - 进入 PageInterceptor 拦截器...
2019-01-09 10:03:55 [http-nio-8088-exec-2] [PageInterceptor.java/78] INFO  - 结束 PageInterceptor 拦截器...
2019-01-09 10:03:55 [http-nio-8088-exec-2] [PageInterceptor.java/45] INFO  - 进入 PageInterceptor 拦截器...
2019-01-09 10:03:55 [http-nio-8088-exec-2] [PageInterceptor.java/78] INFO  - 结束 PageInterceptor 拦截器...
2019-01-09 10:03:55 [http-nio-8088-exec-2] [PageInterceptor.java/45] INFO  - 进入 PageInterceptor 拦截器...
2019-01-09 10:03:55 [http-nio-8088-exec-2] [PageInterceptor.java/78] INFO  - 结束 PageInterceptor 拦截器...
2019-01-09 10:03:55 [http-nio-8088-exec-2] [PageInterceptor.java/45] INFO  - 进入 PageInterceptor 拦截器...
2019-01-09 10:03:55 [http-nio-8088-exec-2] [PageInterceptor.java/78] INFO  - 结束 PageInterceptor 拦截器...
2019-01-09 10:03:55 [http-nio-8088-exec-2] [PageInterceptor.java/45] INFO  - 进入 PageInterceptor 拦截器...
2019-01-09 10:03:55 [http-nio-8088-exec-2] [PageInterceptor.java/78] INFO  - 结束 PageInterceptor 拦截器...
2019-01-09 10:03:55 [http-nio-8088-exec-2] [PageInterceptor.java/45] INFO  - 进入 PageInterceptor 拦截器...
2019-01-09 10:03:55 [http-nio-8088-exec-2] [PageInterceptor.java/78] INFO  - 结束 PageInterceptor 拦截器...
2019-01-09 10:03:55 [http-nio-8088-exec-2] [PageInterceptor.java/45] INFO  - 进入 PageInterceptor 拦截器...
2019-01-09 10:03:55 [http-nio-8088-exec-2] [PageInterceptor.java/78] INFO  - 结束 PageInterceptor 拦截器...
2019-01-09 10:03:55 [http-nio-8088-exec-2] [PageInterceptor.java/45] INFO  - 进入 PageInterceptor 拦截器...
2019-01-09 10:03:55 [http-nio-8088-exec-2] [PageInterceptor.java/78] INFO  - 结束 PageInterceptor 拦截器...
2019-01-09 10:03:55 [http-nio-8088-exec-2] [PageInterceptor.java/45] INFO  - 进入 PageInterceptor 拦截器...
2019-01-09 10:03:55 [http-nio-8088-exec-2] [PageInterceptor.java/78] INFO  - 结束 PageInterceptor 拦截器...
2019-01-09 10:03:55 [http-nio-8088-exec-2] [PageInterceptor.java/45] INFO  - 进入 PageInterceptor 拦截器...
2019-01-09 10:03:55 [http-nio-8088-exec-2] [PageInterceptor.java/78] INFO  - 结束 PageInterceptor 拦截器...
2019-01-09 10:03:55 [http-nio-8088-exec-2] [PageInterceptor.java/45] INFO  - 进入 PageInterceptor 拦截器...
2019-01-09 10:03:55 [http-nio-8088-exec-2] [PageInterceptor.java/78] INFO  - 结束 PageInterceptor 拦截器...
2019-01-09 10:03:55 [http-nio-8088-exec-2] [PageInterceptor.java/45] INFO  - 进入 PageInterceptor 拦截器...
2019-01-09 10:03:55 [http-nio-8088-exec-2] [PageInterceptor.java/78] INFO  - 结束 PageInterceptor 拦截器...
2019-01-09 10:03:55 [http-nio-8088-exec-2] [PageInterceptor.java/45] INFO  - 进入 PageInterceptor 拦截器...
2019-01-09 10:03:55 [http-nio-8088-exec-2] [PageInterceptor.java/78] INFO  - 结束 PageInterceptor 拦截器...
2019-01-09 10:03:58 [http-nio-8088-exec-5] [PageInterceptor.java/45] INFO  - 进入 PageInterceptor 拦截器...
2019-01-09 10:03:58 [http-nio-8088-exec-5] [PageInterceptor.java/78] INFO  - 结束 PageInterceptor 拦截器...
2019-01-09 10:03:58 [http-nio-8088-exec-7] [PageInterceptor.java/45] INFO  - 进入 PageInterceptor 拦截器...
2019-01-09 10:03:58 [http-nio-8088-exec-7] [PageInterceptor.java/78] INFO  - 结束 PageInterceptor 拦截器...
2019-01-09 10:03:58 [http-nio-8088-exec-11] [PageInterceptor.java/45] INFO  - 进入 PageInterceptor 拦截器...
2019-01-09 10:03:58 [http-nio-8088-exec-11] [PageInterceptor.java/78] INFO  - 结束 PageInterceptor 拦截器...
2019-01-09 10:03:58 [http-nio-8088-exec-10] [PageInterceptor.java/45] INFO  - 进入 PageInterceptor 拦截器...
2019-01-09 10:03:58 [http-nio-8088-exec-10] [PageInterceptor.java/78] INFO  - 结束 PageInterceptor 拦截器...
2019-01-09 10:03:58 [http-nio-8088-exec-9] [PageInterceptor.java/45] INFO  - 进入 PageInterceptor 拦截器...
2019-01-09 10:03:58 [http-nio-8088-exec-9] [PageInterceptor.java/68] INFO  - 执行分页查询...
2019-01-09 10:03:58 [http-nio-8088-exec-9] [PageInterceptor.java/78] INFO  - 结束 PageInterceptor 拦截器...
2019-01-09 10:04:08 [http-nio-8088-exec-13] [PageInterceptor.java/45] INFO  - 进入 PageInterceptor 拦截器...
2019-01-09 10:04:08 [http-nio-8088-exec-13] [PageInterceptor.java/78] INFO  - 结束 PageInterceptor 拦截器...
2019-01-09 10:04:14 [http-nio-8088-exec-15] [PageInterceptor.java/45] INFO  - 进入 PageInterceptor 拦截器...
2019-01-09 10:04:14 [http-nio-8088-exec-15] [PageInterceptor.java/78] INFO  - 结束 PageInterceptor 拦截器...
2019-01-09 10:04:14 [http-nio-8088-exec-15] [PageInterceptor.java/45] INFO  - 进入 PageInterceptor 拦截器...
2019-01-09 10:04:14 [http-nio-8088-exec-15] [PageInterceptor.java/78] INFO  - 结束 PageInterceptor 拦截器...
2019-01-09 10:04:14 [http-nio-8088-exec-15] [PageInterceptor.java/45] INFO  - 进入 PageInterceptor 拦截器...
2019-01-09 10:04:14 [http-nio-8088-exec-15] [PageInterceptor.java/78] INFO  - 结束 PageInterceptor 拦截器...
2019-01-09 10:04:14 [http-nio-8088-exec-16] [PageInterceptor.java/45] INFO  - 进入 PageInterceptor 拦截器...
2019-01-09 10:04:14 [http-nio-8088-exec-16] [PageInterceptor.java/68] INFO  - 执行分页查询...
2019-01-09 10:04:14 [http-nio-8088-exec-16] [PageInterceptor.java/78] INFO  - 结束 PageInterceptor 拦截器...
2019-01-09 10:04:51 [Quartz Scheduler [schedulerFactory]] [DruidDataSource.java/930] INFO  - {dataSource-2} inited
2019-01-09 10:05:26 [http-nio-8088-exec-17] [PageInterceptor.java/45] INFO  - 进入 PageInterceptor 拦截器...
2019-01-09 10:05:26 [http-nio-8088-exec-17] [PageInterceptor.java/78] INFO  - 结束 PageInterceptor 拦截器...
2019-01-09 10:05:26 [http-nio-8088-exec-18] [PageInterceptor.java/45] INFO  - 进入 PageInterceptor 拦截器...
2019-01-09 10:05:26 [http-nio-8088-exec-18] [PageInterceptor.java/68] INFO  - 执行分页查询...
2019-01-09 10:05:26 [http-nio-8088-exec-18] [PageInterceptor.java/78] INFO  - 结束 PageInterceptor 拦截器...
